ERROR - 2024-10-02 05:30:19 --> 22 : The requested URL returned error: 503
CRITICAL - 2024-10-02 10:19:42 --> ErrorException: Undefined property: App\Controllers\Users\Login::$db
[Method: GET, Route: users/userName]
in APPPATH/Controllers/Users/Login.php on line 101.
 1 APPPATH/Controllers/Users/Login.php(101): CodeIgniter\Debug\Exceptions->errorHandler(2, 'Undefined property: App\\Controllers\\Users\\Login::$db', '/home/sites/38a/c/cec089f1ff/public_html/app/Controllers/Users/Login.php', 101)
 2 SYSTEMPATH/CodeIgniter.php(933): App\Controllers\Users\Login->userName()
 3 SYSTEMPATH/CodeIgniter.php(509): CodeIgniter\CodeIgniter->runController(Object(App\Controllers\Users\Login))
 4 SYSTEMPATH/CodeIgniter.php(355): CodeIgniter\CodeIgniter->handleRequest(null, Object(Config\Cache), false)
 5 SYSTEMPATH/Boot.php(325): CodeIgniter\CodeIgniter->run()
 6 SYSTEMPATH/Boot.php(67): CodeIgniter\Boot::runCodeIgniter(Object(CodeIgniter\CodeIgniter))
 7 FCPATH/index.php(36): CodeIgniter\Boot::bootWeb(Object(Config\Paths))
CRITICAL - 2024-10-02 10:37:22 --> ErrorException: Undefined property: App\Controllers\Users\Login::$db
[Method: GET, Route: users/userName]
in APPPATH/Controllers/Users/Login.php on line 101.
 1 APPPATH/Controllers/Users/Login.php(101): CodeIgniter\Debug\Exceptions->errorHandler(2, 'Undefined property: App\\Controllers\\Users\\Login::$db', '/home/sites/38a/c/cec089f1ff/public_html/app/Controllers/Users/Login.php', 101)
 2 SYSTEMPATH/CodeIgniter.php(933): App\Controllers\Users\Login->userName()
 3 SYSTEMPATH/CodeIgniter.php(509): CodeIgniter\CodeIgniter->runController(Object(App\Controllers\Users\Login))
 4 SYSTEMPATH/CodeIgniter.php(355): CodeIgniter\CodeIgniter->handleRequest(null, Object(Config\Cache), false)
 5 SYSTEMPATH/Boot.php(325): CodeIgniter\CodeIgniter->run()
 6 SYSTEMPATH/Boot.php(67): CodeIgniter\Boot::runCodeIgniter(Object(CodeIgniter\CodeIgniter))
 7 FCPATH/index.php(36): CodeIgniter\Boot::bootWeb(Object(Config\Paths))
CRITICAL - 2024-10-02 11:29:30 --> ErrorException: Undefined property: App\Controllers\Users\Login::$db
[Method: GET, Route: users/userName]
in APPPATH/Controllers/Users/Login.php on line 101.
 1 APPPATH/Controllers/Users/Login.php(101): CodeIgniter\Debug\Exceptions->errorHandler(2, 'Undefined property: App\\Controllers\\Users\\Login::$db', '/home/sites/38a/c/cec089f1ff/public_html/app/Controllers/Users/Login.php', 101)
 2 SYSTEMPATH/CodeIgniter.php(933): App\Controllers\Users\Login->userName()
 3 SYSTEMPATH/CodeIgniter.php(509): CodeIgniter\CodeIgniter->runController(Object(App\Controllers\Users\Login))
 4 SYSTEMPATH/CodeIgniter.php(355): CodeIgniter\CodeIgniter->handleRequest(null, Object(Config\Cache), false)
 5 SYSTEMPATH/Boot.php(325): CodeIgniter\CodeIgniter->run()
 6 SYSTEMPATH/Boot.php(67): CodeIgniter\Boot::runCodeIgniter(Object(CodeIgniter\CodeIgniter))
 7 FCPATH/index.php(36): CodeIgniter\Boot::bootWeb(Object(Config\Paths))
CRITICAL - 2024-10-02 11:36:41 --> ErrorException: Undefined property: App\Controllers\Users\Login::$db
[Method: GET, Route: users/name]
in APPPATH/Controllers/Users/Login.php on line 101.
 1 APPPATH/Controllers/Users/Login.php(101): CodeIgniter\Debug\Exceptions->errorHandler(2, 'Undefined property: App\\Controllers\\Users\\Login::$db', '/home/sites/38a/c/cec089f1ff/public_html/app/Controllers/Users/Login.php', 101)
 2 SYSTEMPATH/CodeIgniter.php(933): App\Controllers\Users\Login->userName()
 3 SYSTEMPATH/CodeIgniter.php(509): CodeIgniter\CodeIgniter->runController(Object(App\Controllers\Users\Login))
 4 SYSTEMPATH/CodeIgniter.php(355): CodeIgniter\CodeIgniter->handleRequest(null, Object(Config\Cache), false)
 5 SYSTEMPATH/Boot.php(325): CodeIgniter\CodeIgniter->run()
 6 SYSTEMPATH/Boot.php(67): CodeIgniter\Boot::runCodeIgniter(Object(CodeIgniter\CodeIgniter))
 7 FCPATH/index.php(36): CodeIgniter\Boot::bootWeb(Object(Config\Paths))
CRITICAL - 2024-10-02 11:38:24 --> ErrorException: Undefined property: App\Controllers\Users\Login::$db
[Method: GET, Route: users/name]
in APPPATH/Controllers/Users/Login.php on line 101.
 1 APPPATH/Controllers/Users/Login.php(101): CodeIgniter\Debug\Exceptions->errorHandler(2, 'Undefined property: App\\Controllers\\Users\\Login::$db', '/home/sites/38a/c/cec089f1ff/public_html/app/Controllers/Users/Login.php', 101)
 2 SYSTEMPATH/CodeIgniter.php(933): App\Controllers\Users\Login->userName()
 3 SYSTEMPATH/CodeIgniter.php(509): CodeIgniter\CodeIgniter->runController(Object(App\Controllers\Users\Login))
 4 SYSTEMPATH/CodeIgniter.php(355): CodeIgniter\CodeIgniter->handleRequest(null, Object(Config\Cache), false)
 5 SYSTEMPATH/Boot.php(325): CodeIgniter\CodeIgniter->run()
 6 SYSTEMPATH/Boot.php(67): CodeIgniter\Boot::runCodeIgniter(Object(CodeIgniter\CodeIgniter))
 7 FCPATH/index.php(36): CodeIgniter\Boot::bootWeb(Object(Config\Paths))
CRITICAL - 2024-10-02 11:39:04 --> ErrorException: Undefined property: App\Controllers\Users\Login::$db
[Method: GET, Route: users/name]
in APPPATH/Controllers/Users/Login.php on line 101.
 1 APPPATH/Controllers/Users/Login.php(101): CodeIgniter\Debug\Exceptions->errorHandler(2, 'Undefined property: App\\Controllers\\Users\\Login::$db', '/home/sites/38a/c/cec089f1ff/public_html/app/Controllers/Users/Login.php', 101)
 2 SYSTEMPATH/CodeIgniter.php(933): App\Controllers\Users\Login->userName()
 3 SYSTEMPATH/CodeIgniter.php(509): CodeIgniter\CodeIgniter->runController(Object(App\Controllers\Users\Login))
 4 SYSTEMPATH/CodeIgniter.php(355): CodeIgniter\CodeIgniter->handleRequest(null, Object(Config\Cache), false)
 5 SYSTEMPATH/Boot.php(325): CodeIgniter\CodeIgniter->run()
 6 SYSTEMPATH/Boot.php(67): CodeIgniter\Boot::runCodeIgniter(Object(CodeIgniter\CodeIgniter))
 7 FCPATH/index.php(36): CodeIgniter\Boot::bootWeb(Object(Config\Paths))
CRITICAL - 2024-10-02 11:41:25 --> ErrorException: Attempt to read property "name" on null
[Method: GET, Route: users/name]
in APPPATH/Controllers/Users/Login.php on line 103.
 1 APPPATH/Controllers/Users/Login.php(103): CodeIgniter\Debug\Exceptions->errorHandler(2, 'Attempt to read property "name" on null', '/home/sites/38a/c/cec089f1ff/public_html/app/Controllers/Users/Login.php', 103)
 2 SYSTEMPATH/CodeIgniter.php(933): App\Controllers\Users\Login->userName()
 3 SYSTEMPATH/CodeIgniter.php(509): CodeIgniter\CodeIgniter->runController(Object(App\Controllers\Users\Login))
 4 SYSTEMPATH/CodeIgniter.php(355): CodeIgniter\CodeIgniter->handleRequest(null, Object(Config\Cache), false)
 5 SYSTEMPATH/Boot.php(325): CodeIgniter\CodeIgniter->run()
 6 SYSTEMPATH/Boot.php(67): CodeIgniter\Boot::runCodeIgniter(Object(CodeIgniter\CodeIgniter))
 7 FCPATH/index.php(36): CodeIgniter\Boot::bootWeb(Object(Config\Paths))
CRITICAL - 2024-10-02 13:27:48 --> ErrorException: Undefined array key "po_no"
[Method: POST, Route: wms/nj/receiving/receive-items]
in APPPATH/Controllers/WMS/NJ/Receiving.php on line 323.
 1 APPPATH/Controllers/WMS/NJ/Receiving.php(323): CodeIgniter\Debug\Exceptions->errorHandler(2, 'Undefined array key "po_no"', '/home/sites/38a/c/cec089f1ff/public_html/app/Controllers/WMS/NJ/Receiving.php', 323)
 2 SYSTEMPATH/CodeIgniter.php(933): App\Controllers\WMS\NJ\Receiving->receiveItems()
 3 SYSTEMPATH/CodeIgniter.php(509): CodeIgniter\CodeIgniter->runController(Object(App\Controllers\WMS\NJ\Receiving))
 4 SYSTEMPATH/CodeIgniter.php(355): CodeIgniter\CodeIgniter->handleRequest(null, Object(Config\Cache), false)
 5 SYSTEMPATH/Boot.php(325): CodeIgniter\CodeIgniter->run()
 6 SYSTEMPATH/Boot.php(67): CodeIgniter\Boot::runCodeIgniter(Object(CodeIgniter\CodeIgniter))
 7 FCPATH/index.php(36): CodeIgniter\Boot::bootWeb(Object(Config\Paths))
CRITICAL - 2024-10-02 13:36:56 --> ErrorException: Undefined array key "po_no"
[Method: POST, Route: wms/nj/receiving/receive-items]
in APPPATH/Controllers/WMS/NJ/Receiving.php on line 323.
 1 APPPATH/Controllers/WMS/NJ/Receiving.php(323): CodeIgniter\Debug\Exceptions->errorHandler(2, 'Undefined array key "po_no"', '/home/sites/38a/c/cec089f1ff/public_html/app/Controllers/WMS/NJ/Receiving.php', 323)
 2 SYSTEMPATH/CodeIgniter.php(933): App\Controllers\WMS\NJ\Receiving->receiveItems()
 3 SYSTEMPATH/CodeIgniter.php(509): CodeIgniter\CodeIgniter->runController(Object(App\Controllers\WMS\NJ\Receiving))
 4 SYSTEMPATH/CodeIgniter.php(355): CodeIgniter\CodeIgniter->handleRequest(null, Object(Config\Cache), false)
 5 SYSTEMPATH/Boot.php(325): CodeIgniter\CodeIgniter->run()
 6 SYSTEMPATH/Boot.php(67): CodeIgniter\Boot::runCodeIgniter(Object(CodeIgniter\CodeIgniter))
 7 FCPATH/index.php(36): CodeIgniter\Boot::bootWeb(Object(Config\Paths))
CRITICAL - 2024-10-02 13:45:34 --> ErrorException: Undefined array key "total_qty"
[Method: POST, Route: wms/nj/receiving/receive-items]
in APPPATH/Controllers/WMS/NJ/Receiving.php on line 328.
 1 APPPATH/Controllers/WMS/NJ/Receiving.php(328): CodeIgniter\Debug\Exceptions->errorHandler(2, 'Undefined array key "total_qty"', '/home/sites/38a/c/cec089f1ff/public_html/app/Controllers/WMS/NJ/Receiving.php', 328)
 2 SYSTEMPATH/CodeIgniter.php(933): App\Controllers\WMS\NJ\Receiving->receiveItems()
 3 SYSTEMPATH/CodeIgniter.php(509): CodeIgniter\CodeIgniter->runController(Object(App\Controllers\WMS\NJ\Receiving))
 4 SYSTEMPATH/CodeIgniter.php(355): CodeIgniter\CodeIgniter->handleRequest(null, Object(Config\Cache), false)
 5 SYSTEMPATH/Boot.php(325): CodeIgniter\CodeIgniter->run()
 6 SYSTEMPATH/Boot.php(67): CodeIgniter\Boot::runCodeIgniter(Object(CodeIgniter\CodeIgniter))
 7 FCPATH/index.php(36): CodeIgniter\Boot::bootWeb(Object(Config\Paths))
CRITICAL - 2024-10-02 13:51:19 --> Error: Call to undefined function App\Controllers\WMS\NJ\upsertBatch()
[Method: POST, Route: wms/nj/receiving/receive-items]
in APPPATH/Controllers/WMS/NJ/Receiving.php on line 336.
 1 SYSTEMPATH/CodeIgniter.php(933): App\Controllers\WMS\NJ\Receiving->receiveItems()
 2 SYSTEMPATH/CodeIgniter.php(509): CodeIgniter\CodeIgniter->runController(Object(App\Controllers\WMS\NJ\Receiving))
 3 SYSTEMPATH/CodeIgniter.php(355): CodeIgniter\CodeIgniter->handleRequest(null, Object(Config\Cache), false)
 4 SYSTEMPATH/Boot.php(325): CodeIgniter\CodeIgniter->run()
 5 SYSTEMPATH/Boot.php(67): CodeIgniter\Boot::runCodeIgniter(Object(CodeIgniter\CodeIgniter))
 6 FCPATH/index.php(36): CodeIgniter\Boot::bootWeb(Object(Config\Paths))
