CRITICAL - 2024-11-13 02:44:12 --> ErrorException: Undefined variable $branch
[Method: GET, Route: wms/nj/delivery/delivery-dates]
in APPPATH/Controllers/WMS/Delivery.php on line 51.
 1 APPPATH/Controllers/WMS/Delivery.php(51): CodeIgniter\Debug\Exceptions->errorHandler(2, 'Undefined variable $branch', '/home/sites/38a/c/cec089f1ff/public_html/app/Controllers/WMS/Delivery.php', 51)
 2 SYSTEMPATH/CodeIgniter.php(933): App\Controllers\WMS\Delivery->deliveryDates('nj')
 3 SYSTEMPATH/CodeIgniter.php(509): CodeIgniter\CodeIgniter->runController(Object(App\Controllers\WMS\Delivery))
 4 SYSTEMPATH/CodeIgniter.php(355): CodeIgniter\CodeIgniter->handleRequest(null, Object(Config\Cache), false)
 5 SYSTEMPATH/Boot.php(325): CodeIgniter\CodeIgniter->run()
 6 SYSTEMPATH/Boot.php(67): CodeIgniter\Boot::runCodeIgniter(Object(CodeIgniter\CodeIgniter))
 7 FCPATH/index.php(36): CodeIgniter\Boot::bootWeb(Object(Config\Paths))
CRITICAL - 2024-11-13 03:02:46 --> ErrorException: Undefined variable $branch
[Method: GET, Route: wms/nj/delivery/delivery-dates]
in APPPATH/Controllers/WMS/Delivery.php on line 51.
 1 APPPATH/Controllers/WMS/Delivery.php(51): CodeIgniter\Debug\Exceptions->errorHandler(2, 'Undefined variable $branch', '/home/sites/38a/c/cec089f1ff/public_html/app/Controllers/WMS/Delivery.php', 51)
 2 SYSTEMPATH/CodeIgniter.php(933): App\Controllers\WMS\Delivery->deliveryDates('nj')
 3 SYSTEMPATH/CodeIgniter.php(509): CodeIgniter\CodeIgniter->runController(Object(App\Controllers\WMS\Delivery))
 4 SYSTEMPATH/CodeIgniter.php(355): CodeIgniter\CodeIgniter->handleRequest(null, Object(Config\Cache), false)
 5 SYSTEMPATH/Boot.php(325): CodeIgniter\CodeIgniter->run()
 6 SYSTEMPATH/Boot.php(67): CodeIgniter\Boot::runCodeIgniter(Object(CodeIgniter\CodeIgniter))
 7 FCPATH/index.php(36): CodeIgniter\Boot::bootWeb(Object(Config\Paths))
CRITICAL - 2024-11-13 03:08:37 --> ErrorException: Undefined variable $branch
[Method: GET, Route: wms/nj/delivery/delivery-dates]
in APPPATH/Controllers/WMS/Delivery.php on line 51.
 1 APPPATH/Controllers/WMS/Delivery.php(51): CodeIgniter\Debug\Exceptions->errorHandler(2, 'Undefined variable $branch', '/home/sites/38a/c/cec089f1ff/public_html/app/Controllers/WMS/Delivery.php', 51)
 2 SYSTEMPATH/CodeIgniter.php(933): App\Controllers\WMS\Delivery->deliveryDates('nj')
 3 SYSTEMPATH/CodeIgniter.php(509): CodeIgniter\CodeIgniter->runController(Object(App\Controllers\WMS\Delivery))
 4 SYSTEMPATH/CodeIgniter.php(355): CodeIgniter\CodeIgniter->handleRequest(null, Object(Config\Cache), false)
 5 SYSTEMPATH/Boot.php(325): CodeIgniter\CodeIgniter->run()
 6 SYSTEMPATH/Boot.php(67): CodeIgniter\Boot::runCodeIgniter(Object(CodeIgniter\CodeIgniter))
 7 FCPATH/index.php(36): CodeIgniter\Boot::bootWeb(Object(Config\Paths))
CRITICAL - 2024-11-13 03:08:46 --> ErrorException: Undefined variable $branch
[Method: GET, Route: wms/nj/delivery/delivery-dates]
in APPPATH/Controllers/WMS/Delivery.php on line 51.
 1 APPPATH/Controllers/WMS/Delivery.php(51): CodeIgniter\Debug\Exceptions->errorHandler(2, 'Undefined variable $branch', '/home/sites/38a/c/cec089f1ff/public_html/app/Controllers/WMS/Delivery.php', 51)
 2 SYSTEMPATH/CodeIgniter.php(933): App\Controllers\WMS\Delivery->deliveryDates('nj')
 3 SYSTEMPATH/CodeIgniter.php(509): CodeIgniter\CodeIgniter->runController(Object(App\Controllers\WMS\Delivery))
 4 SYSTEMPATH/CodeIgniter.php(355): CodeIgniter\CodeIgniter->handleRequest(null, Object(Config\Cache), false)
 5 SYSTEMPATH/Boot.php(325): CodeIgniter\CodeIgniter->run()
 6 SYSTEMPATH/Boot.php(67): CodeIgniter\Boot::runCodeIgniter(Object(CodeIgniter\CodeIgniter))
 7 FCPATH/index.php(36): CodeIgniter\Boot::bootWeb(Object(Config\Paths))
CRITICAL - 2024-11-13 03:08:49 --> ErrorException: Undefined variable $branch
[Method: GET, Route: wms/nj/delivery/delivery-dates]
in APPPATH/Controllers/WMS/Delivery.php on line 51.
 1 APPPATH/Controllers/WMS/Delivery.php(51): CodeIgniter\Debug\Exceptions->errorHandler(2, 'Undefined variable $branch', '/home/sites/38a/c/cec089f1ff/public_html/app/Controllers/WMS/Delivery.php', 51)
 2 SYSTEMPATH/CodeIgniter.php(933): App\Controllers\WMS\Delivery->deliveryDates('nj')
 3 SYSTEMPATH/CodeIgniter.php(509): CodeIgniter\CodeIgniter->runController(Object(App\Controllers\WMS\Delivery))
 4 SYSTEMPATH/CodeIgniter.php(355): CodeIgniter\CodeIgniter->handleRequest(null, Object(Config\Cache), false)
 5 SYSTEMPATH/Boot.php(325): CodeIgniter\CodeIgniter->run()
 6 SYSTEMPATH/Boot.php(67): CodeIgniter\Boot::runCodeIgniter(Object(CodeIgniter\CodeIgniter))
 7 FCPATH/index.php(36): CodeIgniter\Boot::bootWeb(Object(Config\Paths))
CRITICAL - 2024-11-13 03:08:58 --> ErrorException: Undefined variable $branch
[Method: GET, Route: wms/nj/delivery/delivery-dates]
in APPPATH/Controllers/WMS/Delivery.php on line 51.
 1 APPPATH/Controllers/WMS/Delivery.php(51): CodeIgniter\Debug\Exceptions->errorHandler(2, 'Undefined variable $branch', '/home/sites/38a/c/cec089f1ff/public_html/app/Controllers/WMS/Delivery.php', 51)
 2 SYSTEMPATH/CodeIgniter.php(933): App\Controllers\WMS\Delivery->deliveryDates('nj')
 3 SYSTEMPATH/CodeIgniter.php(509): CodeIgniter\CodeIgniter->runController(Object(App\Controllers\WMS\Delivery))
 4 SYSTEMPATH/CodeIgniter.php(355): CodeIgniter\CodeIgniter->handleRequest(null, Object(Config\Cache), false)
 5 SYSTEMPATH/Boot.php(325): CodeIgniter\CodeIgniter->run()
 6 SYSTEMPATH/Boot.php(67): CodeIgniter\Boot::runCodeIgniter(Object(CodeIgniter\CodeIgniter))
 7 FCPATH/index.php(36): CodeIgniter\Boot::bootWeb(Object(Config\Paths))
CRITICAL - 2024-11-13 03:09:01 --> ErrorException: Undefined variable $branch
[Method: GET, Route: wms/nj/delivery/delivery-dates]
in APPPATH/Controllers/WMS/Delivery.php on line 51.
 1 APPPATH/Controllers/WMS/Delivery.php(51): CodeIgniter\Debug\Exceptions->errorHandler(2, 'Undefined variable $branch', '/home/sites/38a/c/cec089f1ff/public_html/app/Controllers/WMS/Delivery.php', 51)
 2 SYSTEMPATH/CodeIgniter.php(933): App\Controllers\WMS\Delivery->deliveryDates('nj')
 3 SYSTEMPATH/CodeIgniter.php(509): CodeIgniter\CodeIgniter->runController(Object(App\Controllers\WMS\Delivery))
 4 SYSTEMPATH/CodeIgniter.php(355): CodeIgniter\CodeIgniter->handleRequest(null, Object(Config\Cache), false)
 5 SYSTEMPATH/Boot.php(325): CodeIgniter\CodeIgniter->run()
 6 SYSTEMPATH/Boot.php(67): CodeIgniter\Boot::runCodeIgniter(Object(CodeIgniter\CodeIgniter))
 7 FCPATH/index.php(36): CodeIgniter\Boot::bootWeb(Object(Config\Paths))
CRITICAL - 2024-11-13 03:10:13 --> ErrorException: Undefined variable $branch
[Method: GET, Route: wms/sc/delivery/delivery-dates]
in APPPATH/Controllers/WMS/Delivery.php on line 51.
 1 APPPATH/Controllers/WMS/Delivery.php(51): CodeIgniter\Debug\Exceptions->errorHandler(2, 'Undefined variable $branch', '/home/sites/38a/c/cec089f1ff/public_html/app/Controllers/WMS/Delivery.php', 51)
 2 SYSTEMPATH/CodeIgniter.php(933): App\Controllers\WMS\Delivery->deliveryDates('sc')
 3 SYSTEMPATH/CodeIgniter.php(509): CodeIgniter\CodeIgniter->runController(Object(App\Controllers\WMS\Delivery))
 4 SYSTEMPATH/CodeIgniter.php(355): CodeIgniter\CodeIgniter->handleRequest(null, Object(Config\Cache), false)
 5 SYSTEMPATH/Boot.php(325): CodeIgniter\CodeIgniter->run()
 6 SYSTEMPATH/Boot.php(67): CodeIgniter\Boot::runCodeIgniter(Object(CodeIgniter\CodeIgniter))
 7 FCPATH/index.php(36): CodeIgniter\Boot::bootWeb(Object(Config\Paths))
CRITICAL - 2024-11-13 03:28:25 --> ErrorException: Undefined variable $branch
[Method: GET, Route: wms/nj/delivery/delivery-dates]
in APPPATH/Controllers/WMS/Delivery.php on line 51.
 1 APPPATH/Controllers/WMS/Delivery.php(51): CodeIgniter\Debug\Exceptions->errorHandler(2, 'Undefined variable $branch', '/home/sites/38a/c/cec089f1ff/public_html/app/Controllers/WMS/Delivery.php', 51)
 2 SYSTEMPATH/CodeIgniter.php(933): App\Controllers\WMS\Delivery->deliveryDates('nj')
 3 SYSTEMPATH/CodeIgniter.php(509): CodeIgniter\CodeIgniter->runController(Object(App\Controllers\WMS\Delivery))
 4 SYSTEMPATH/CodeIgniter.php(355): CodeIgniter\CodeIgniter->handleRequest(null, Object(Config\Cache), false)
 5 SYSTEMPATH/Boot.php(325): CodeIgniter\CodeIgniter->run()
 6 SYSTEMPATH/Boot.php(67): CodeIgniter\Boot::runCodeIgniter(Object(CodeIgniter\CodeIgniter))
 7 FCPATH/index.php(36): CodeIgniter\Boot::bootWeb(Object(Config\Paths))
