ERROR - 2024-10-22 06:12:59 --> mysqli_sql_exception: Table 'gslcrud-d846.sc_receiving' doesn't exist in /home/sites/38a/c/cec089f1ff/public_html/vendor/codeigniter4/framework/system/Database/MySQLi/Connection.php:312
Stack trace:
#0 /home/sites/38a/c/cec089f1ff/public_html/vendor/codeigniter4/framework/system/Database/MySQLi/Connection.php(312): mysqli->query('SELECT *\nFROM `...', 0)
#1 /home/sites/38a/c/cec089f1ff/public_html/vendor/codeigniter4/framework/system/Database/BaseConnection.php(734): CodeIgniter\Database\MySQLi\Connection->execute('SELECT *\nFROM `...')
#2 /home/sites/38a/c/cec089f1ff/public_html/vendor/codeigniter4/framework/system/Database/BaseConnection.php(648): CodeIgniter\Database\BaseConnection->simpleQuery('SELECT *\nFROM `...')
#3 /home/sites/38a/c/cec089f1ff/public_html/vendor/codeigniter4/framework/system/Database/BaseBuilder.php(1644): CodeIgniter\Database\BaseConnection->query('SELECT *\nFROM `...', Array, false)
#4 /home/sites/38a/c/cec089f1ff/public_html/app/Controllers/WMS/SC/Delivery.php(25): CodeIgniter\Database\BaseBuilder->get()
#5 /home/sites/38a/c/cec089f1ff/public_html/vendor/codeigniter4/framework/system/CodeIgniter.php(933): App\Controllers\WMS\SC\Delivery->read()
#6 /home/sites/38a/c/cec089f1ff/public_html/vendor/codeigniter4/framework/system/CodeIgniter.php(509): CodeIgniter\CodeIgniter->runController(Object(App\Controllers\WMS\SC\Delivery))
#7 /home/sites/38a/c/cec089f1ff/public_html/vendor/codeigniter4/framework/system/CodeIgniter.php(355): CodeIgniter\CodeIgniter->handleRequest(NULL, Object(Config\Cache), false)
#8 /home/sites/38a/c/cec089f1ff/public_html/vendor/codeigniter4/framework/system/Boot.php(325): CodeIgniter\CodeIgniter->run()
#9 /home/sites/38a/c/cec089f1ff/public_html/vendor/codeigniter4/framework/system/Boot.php(67): CodeIgniter\Boot::runCodeIgniter(Object(CodeIgniter\CodeIgniter))
#10 /home/sites/38a/c/cec089f1ff/public_html/public/index.php(36): CodeIgniter\Boot::bootWeb(Object(Config\Paths))
#11 {main}
CRITICAL - 2024-10-22 06:12:59 --> CodeIgniter\Database\Exceptions\DatabaseException: Table 'gslcrud-d846.sc_receiving' doesn't exist
[Method: GET, Route: wms/sc/delivery/read]
in SYSTEMPATH/Database/BaseConnection.php on line 688.
 1 SYSTEMPATH/Database/BaseBuilder.php(1644): CodeIgniter\Database\BaseConnection->query('SELECT *
FROM `sc_receiving`', [], false)
 2 APPPATH/Controllers/WMS/SC/Delivery.php(25): CodeIgniter\Database\BaseBuilder->get()
 3 SYSTEMPATH/CodeIgniter.php(933): App\Controllers\WMS\SC\Delivery->read()
 4 SYSTEMPATH/CodeIgniter.php(509): CodeIgniter\CodeIgniter->runController(Object(App\Controllers\WMS\SC\Delivery))
 5 SYSTEMPATH/CodeIgniter.php(355): CodeIgniter\CodeIgniter->handleRequest(null, Object(Config\Cache), false)
 6 SYSTEMPATH/Boot.php(325): CodeIgniter\CodeIgniter->run()
 7 SYSTEMPATH/Boot.php(67): CodeIgniter\Boot::runCodeIgniter(Object(CodeIgniter\CodeIgniter))
 8 FCPATH/index.php(36): CodeIgniter\Boot::bootWeb(Object(Config\Paths))
CRITICAL - 2024-10-22 06:12:59 --> [Caused by] CodeIgniter\Database\Exceptions\DatabaseException: Table 'gslcrud-d846.sc_receiving' doesn't exist
in SYSTEMPATH/Database/MySQLi/Connection.php on line 317.
 1 SYSTEMPATH/Database/BaseConnection.php(734): CodeIgniter\Database\MySQLi\Connection->execute('SELECT *
FROM `sc_receiving`')
 2 SYSTEMPATH/Database/BaseConnection.php(648): CodeIgniter\Database\BaseConnection->simpleQuery('SELECT *
FROM `sc_receiving`')
 3 SYSTEMPATH/Database/BaseBuilder.php(1644): CodeIgniter\Database\BaseConnection->query('SELECT *
FROM `sc_receiving`', [], false)
 4 APPPATH/Controllers/WMS/SC/Delivery.php(25): CodeIgniter\Database\BaseBuilder->get()
 5 SYSTEMPATH/CodeIgniter.php(933): App\Controllers\WMS\SC\Delivery->read()
 6 SYSTEMPATH/CodeIgniter.php(509): CodeIgniter\CodeIgniter->runController(Object(App\Controllers\WMS\SC\Delivery))
 7 SYSTEMPATH/CodeIgniter.php(355): CodeIgniter\CodeIgniter->handleRequest(null, Object(Config\Cache), false)
 8 SYSTEMPATH/Boot.php(325): CodeIgniter\CodeIgniter->run()
 9 SYSTEMPATH/Boot.php(67): CodeIgniter\Boot::runCodeIgniter(Object(CodeIgniter\CodeIgniter))
10 FCPATH/index.php(36): CodeIgniter\Boot::bootWeb(Object(Config\Paths))
CRITICAL - 2024-10-22 06:12:59 --> [Caused by] mysqli_sql_exception: Table 'gslcrud-d846.sc_receiving' doesn't exist
in SYSTEMPATH/Database/MySQLi/Connection.php on line 312.
 1 SYSTEMPATH/Database/MySQLi/Connection.php(312): mysqli->query('SELECT *
FROM `sc_receiving`', 0)
 2 SYSTEMPATH/Database/BaseConnection.php(734): CodeIgniter\Database\MySQLi\Connection->execute('SELECT *
FROM `sc_receiving`')
 3 SYSTEMPATH/Database/BaseConnection.php(648): CodeIgniter\Database\BaseConnection->simpleQuery('SELECT *
FROM `sc_receiving`')
 4 SYSTEMPATH/Database/BaseBuilder.php(1644): CodeIgniter\Database\BaseConnection->query('SELECT *
FROM `sc_receiving`', [], false)
 5 APPPATH/Controllers/WMS/SC/Delivery.php(25): CodeIgniter\Database\BaseBuilder->get()
 6 SYSTEMPATH/CodeIgniter.php(933): App\Controllers\WMS\SC\Delivery->read()
 7 SYSTEMPATH/CodeIgniter.php(509): CodeIgniter\CodeIgniter->runController(Object(App\Controllers\WMS\SC\Delivery))
 8 SYSTEMPATH/CodeIgniter.php(355): CodeIgniter\CodeIgniter->handleRequest(null, Object(Config\Cache), false)
 9 SYSTEMPATH/Boot.php(325): CodeIgniter\CodeIgniter->run()
10 SYSTEMPATH/Boot.php(67): CodeIgniter\Boot::runCodeIgniter(Object(CodeIgniter\CodeIgniter))
11 FCPATH/index.php(36): CodeIgniter\Boot::bootWeb(Object(Config\Paths))
ERROR - 2024-10-22 06:22:40 --> mysqli_sql_exception: Table 'gslcrud-d846.po_open' doesn't exist in /home/sites/38a/c/cec089f1ff/public_html/vendor/codeigniter4/framework/system/Database/MySQLi/Connection.php:312
Stack trace:
#0 /home/sites/38a/c/cec089f1ff/public_html/vendor/codeigniter4/framework/system/Database/MySQLi/Connection.php(312): mysqli->query('SELECT *\nFROM `...', 0)
#1 /home/sites/38a/c/cec089f1ff/public_html/vendor/codeigniter4/framework/system/Database/BaseConnection.php(734): CodeIgniter\Database\MySQLi\Connection->execute('SELECT *\nFROM `...')
#2 /home/sites/38a/c/cec089f1ff/public_html/vendor/codeigniter4/framework/system/Database/BaseConnection.php(648): CodeIgniter\Database\BaseConnection->simpleQuery('SELECT *\nFROM `...')
#3 /home/sites/38a/c/cec089f1ff/public_html/vendor/codeigniter4/framework/system/Database/BaseBuilder.php(1782): CodeIgniter\Database\BaseConnection->query('SELECT *\nFROM `...', Array, false)
#4 /home/sites/38a/c/cec089f1ff/public_html/app/Controllers/WMS/SC/Delivery.php(55): CodeIgniter\Database\BaseBuilder->getWhere(Array)
#5 /home/sites/38a/c/cec089f1ff/public_html/vendor/codeigniter4/framework/system/CodeIgniter.php(933): App\Controllers\WMS\SC\Delivery->getPo()
#6 /home/sites/38a/c/cec089f1ff/public_html/vendor/codeigniter4/framework/system/CodeIgniter.php(509): CodeIgniter\CodeIgniter->runController(Object(App\Controllers\WMS\SC\Delivery))
#7 /home/sites/38a/c/cec089f1ff/public_html/vendor/codeigniter4/framework/system/CodeIgniter.php(355): CodeIgniter\CodeIgniter->handleRequest(NULL, Object(Config\Cache), false)
#8 /home/sites/38a/c/cec089f1ff/public_html/vendor/codeigniter4/framework/system/Boot.php(325): CodeIgniter\CodeIgniter->run()
#9 /home/sites/38a/c/cec089f1ff/public_html/vendor/codeigniter4/framework/system/Boot.php(67): CodeIgniter\Boot::runCodeIgniter(Object(CodeIgniter\CodeIgniter))
#10 /home/sites/38a/c/cec089f1ff/public_html/public/index.php(36): CodeIgniter\Boot::bootWeb(Object(Config\Paths))
#11 {main}
CRITICAL - 2024-10-22 06:22:40 --> CodeIgniter\Database\Exceptions\DatabaseException: Table 'gslcrud-d846.po_open' doesn't exist
[Method: POST, Route: wms/sc/delivery/get-po]
in SYSTEMPATH/Database/BaseConnection.php on line 688.
 1 SYSTEMPATH/Database/BaseBuilder.php(1782): CodeIgniter\Database\BaseConnection->query('SELECT *
FROM `po_open`
WHERE `po_no` = :po_no:', [...], false)
 2 APPPATH/Controllers/WMS/SC/Delivery.php(55): CodeIgniter\Database\BaseBuilder->getWhere([...])
 3 SYSTEMPATH/CodeIgniter.php(933): App\Controllers\WMS\SC\Delivery->getPo()
 4 SYSTEMPATH/CodeIgniter.php(509): CodeIgniter\CodeIgniter->runController(Object(App\Controllers\WMS\SC\Delivery))
 5 SYSTEMPATH/CodeIgniter.php(355): CodeIgniter\CodeIgniter->handleRequest(null, Object(Config\Cache), false)
 6 SYSTEMPATH/Boot.php(325): CodeIgniter\CodeIgniter->run()
 7 SYSTEMPATH/Boot.php(67): CodeIgniter\Boot::runCodeIgniter(Object(CodeIgniter\CodeIgniter))
 8 FCPATH/index.php(36): CodeIgniter\Boot::bootWeb(Object(Config\Paths))
CRITICAL - 2024-10-22 06:22:40 --> [Caused by] CodeIgniter\Database\Exceptions\DatabaseException: Table 'gslcrud-d846.po_open' doesn't exist
in SYSTEMPATH/Database/MySQLi/Connection.php on line 317.
 1 SYSTEMPATH/Database/BaseConnection.php(734): CodeIgniter\Database\MySQLi\Connection->execute('SELECT *
FROM `po_open`
WHERE `po_no` = \'6957\'')
 2 SYSTEMPATH/Database/BaseConnection.php(648): CodeIgniter\Database\BaseConnection->simpleQuery('SELECT *
FROM `po_open`
WHERE `po_no` = \'6957\'')
 3 SYSTEMPATH/Database/BaseBuilder.php(1782): CodeIgniter\Database\BaseConnection->query('SELECT *
FROM `po_open`
WHERE `po_no` = :po_no:', [...], false)
 4 APPPATH/Controllers/WMS/SC/Delivery.php(55): CodeIgniter\Database\BaseBuilder->getWhere([...])
 5 SYSTEMPATH/CodeIgniter.php(933): App\Controllers\WMS\SC\Delivery->getPo()
 6 SYSTEMPATH/CodeIgniter.php(509): CodeIgniter\CodeIgniter->runController(Object(App\Controllers\WMS\SC\Delivery))
 7 SYSTEMPATH/CodeIgniter.php(355): CodeIgniter\CodeIgniter->handleRequest(null, Object(Config\Cache), false)
 8 SYSTEMPATH/Boot.php(325): CodeIgniter\CodeIgniter->run()
 9 SYSTEMPATH/Boot.php(67): CodeIgniter\Boot::runCodeIgniter(Object(CodeIgniter\CodeIgniter))
10 FCPATH/index.php(36): CodeIgniter\Boot::bootWeb(Object(Config\Paths))
CRITICAL - 2024-10-22 06:22:40 --> [Caused by] mysqli_sql_exception: Table 'gslcrud-d846.po_open' doesn't exist
in SYSTEMPATH/Database/MySQLi/Connection.php on line 312.
 1 SYSTEMPATH/Database/MySQLi/Connection.php(312): mysqli->query('SELECT *
FROM `po_open`
WHERE `po_no` = \'6957\'', 0)
 2 SYSTEMPATH/Database/BaseConnection.php(734): CodeIgniter\Database\MySQLi\Connection->execute('SELECT *
FROM `po_open`
WHERE `po_no` = \'6957\'')
 3 SYSTEMPATH/Database/BaseConnection.php(648): CodeIgniter\Database\BaseConnection->simpleQuery('SELECT *
FROM `po_open`
WHERE `po_no` = \'6957\'')
 4 SYSTEMPATH/Database/BaseBuilder.php(1782): CodeIgniter\Database\BaseConnection->query('SELECT *
FROM `po_open`
WHERE `po_no` = :po_no:', [...], false)
 5 APPPATH/Controllers/WMS/SC/Delivery.php(55): CodeIgniter\Database\BaseBuilder->getWhere([...])
 6 SYSTEMPATH/CodeIgniter.php(933): App\Controllers\WMS\SC\Delivery->getPo()
 7 SYSTEMPATH/CodeIgniter.php(509): CodeIgniter\CodeIgniter->runController(Object(App\Controllers\WMS\SC\Delivery))
 8 SYSTEMPATH/CodeIgniter.php(355): CodeIgniter\CodeIgniter->handleRequest(null, Object(Config\Cache), false)
 9 SYSTEMPATH/Boot.php(325): CodeIgniter\CodeIgniter->run()
10 SYSTEMPATH/Boot.php(67): CodeIgniter\Boot::runCodeIgniter(Object(CodeIgniter\CodeIgniter))
11 FCPATH/index.php(36): CodeIgniter\Boot::bootWeb(Object(Config\Paths))
ERROR - 2024-10-22 06:24:41 --> mysqli_sql_exception: Table 'gslcrud-d846.po_open' doesn't exist in /home/sites/38a/c/cec089f1ff/public_html/vendor/codeigniter4/framework/system/Database/MySQLi/Connection.php:312
Stack trace:
#0 /home/sites/38a/c/cec089f1ff/public_html/vendor/codeigniter4/framework/system/Database/MySQLi/Connection.php(312): mysqli->query('SELECT *\nFROM `...', 0)
#1 /home/sites/38a/c/cec089f1ff/public_html/vendor/codeigniter4/framework/system/Database/BaseConnection.php(734): CodeIgniter\Database\MySQLi\Connection->execute('SELECT *\nFROM `...')
#2 /home/sites/38a/c/cec089f1ff/public_html/vendor/codeigniter4/framework/system/Database/BaseConnection.php(648): CodeIgniter\Database\BaseConnection->simpleQuery('SELECT *\nFROM `...')
#3 /home/sites/38a/c/cec089f1ff/public_html/vendor/codeigniter4/framework/system/Database/BaseBuilder.php(1782): CodeIgniter\Database\BaseConnection->query('SELECT *\nFROM `...', Array, false)
#4 /home/sites/38a/c/cec089f1ff/public_html/app/Controllers/WMS/SC/Delivery.php(55): CodeIgniter\Database\BaseBuilder->getWhere(Array)
#5 /home/sites/38a/c/cec089f1ff/public_html/vendor/codeigniter4/framework/system/CodeIgniter.php(933): App\Controllers\WMS\SC\Delivery->getPo()
#6 /home/sites/38a/c/cec089f1ff/public_html/vendor/codeigniter4/framework/system/CodeIgniter.php(509): CodeIgniter\CodeIgniter->runController(Object(App\Controllers\WMS\SC\Delivery))
#7 /home/sites/38a/c/cec089f1ff/public_html/vendor/codeigniter4/framework/system/CodeIgniter.php(355): CodeIgniter\CodeIgniter->handleRequest(NULL, Object(Config\Cache), false)
#8 /home/sites/38a/c/cec089f1ff/public_html/vendor/codeigniter4/framework/system/Boot.php(325): CodeIgniter\CodeIgniter->run()
#9 /home/sites/38a/c/cec089f1ff/public_html/vendor/codeigniter4/framework/system/Boot.php(67): CodeIgniter\Boot::runCodeIgniter(Object(CodeIgniter\CodeIgniter))
#10 /home/sites/38a/c/cec089f1ff/public_html/public/index.php(36): CodeIgniter\Boot::bootWeb(Object(Config\Paths))
#11 {main}
CRITICAL - 2024-10-22 06:24:41 --> CodeIgniter\Database\Exceptions\DatabaseException: Table 'gslcrud-d846.po_open' doesn't exist
[Method: POST, Route: wms/sc/delivery/get-po]
in SYSTEMPATH/Database/BaseConnection.php on line 688.
 1 SYSTEMPATH/Database/BaseBuilder.php(1782): CodeIgniter\Database\BaseConnection->query('SELECT *
FROM `po_open`
WHERE `po_no` = :po_no:', [...], false)
 2 APPPATH/Controllers/WMS/SC/Delivery.php(55): CodeIgniter\Database\BaseBuilder->getWhere([...])
 3 SYSTEMPATH/CodeIgniter.php(933): App\Controllers\WMS\SC\Delivery->getPo()
 4 SYSTEMPATH/CodeIgniter.php(509): CodeIgniter\CodeIgniter->runController(Object(App\Controllers\WMS\SC\Delivery))
 5 SYSTEMPATH/CodeIgniter.php(355): CodeIgniter\CodeIgniter->handleRequest(null, Object(Config\Cache), false)
 6 SYSTEMPATH/Boot.php(325): CodeIgniter\CodeIgniter->run()
 7 SYSTEMPATH/Boot.php(67): CodeIgniter\Boot::runCodeIgniter(Object(CodeIgniter\CodeIgniter))
 8 FCPATH/index.php(36): CodeIgniter\Boot::bootWeb(Object(Config\Paths))
CRITICAL - 2024-10-22 06:24:41 --> [Caused by] CodeIgniter\Database\Exceptions\DatabaseException: Table 'gslcrud-d846.po_open' doesn't exist
in SYSTEMPATH/Database/MySQLi/Connection.php on line 317.
 1 SYSTEMPATH/Database/BaseConnection.php(734): CodeIgniter\Database\MySQLi\Connection->execute('SELECT *
FROM `po_open`
WHERE `po_no` = \'7413\'')
 2 SYSTEMPATH/Database/BaseConnection.php(648): CodeIgniter\Database\BaseConnection->simpleQuery('SELECT *
FROM `po_open`
WHERE `po_no` = \'7413\'')
 3 SYSTEMPATH/Database/BaseBuilder.php(1782): CodeIgniter\Database\BaseConnection->query('SELECT *
FROM `po_open`
WHERE `po_no` = :po_no:', [...], false)
 4 APPPATH/Controllers/WMS/SC/Delivery.php(55): CodeIgniter\Database\BaseBuilder->getWhere([...])
 5 SYSTEMPATH/CodeIgniter.php(933): App\Controllers\WMS\SC\Delivery->getPo()
 6 SYSTEMPATH/CodeIgniter.php(509): CodeIgniter\CodeIgniter->runController(Object(App\Controllers\WMS\SC\Delivery))
 7 SYSTEMPATH/CodeIgniter.php(355): CodeIgniter\CodeIgniter->handleRequest(null, Object(Config\Cache), false)
 8 SYSTEMPATH/Boot.php(325): CodeIgniter\CodeIgniter->run()
 9 SYSTEMPATH/Boot.php(67): CodeIgniter\Boot::runCodeIgniter(Object(CodeIgniter\CodeIgniter))
10 FCPATH/index.php(36): CodeIgniter\Boot::bootWeb(Object(Config\Paths))
CRITICAL - 2024-10-22 06:24:41 --> [Caused by] mysqli_sql_exception: Table 'gslcrud-d846.po_open' doesn't exist
in SYSTEMPATH/Database/MySQLi/Connection.php on line 312.
 1 SYSTEMPATH/Database/MySQLi/Connection.php(312): mysqli->query('SELECT *
FROM `po_open`
WHERE `po_no` = \'7413\'', 0)
 2 SYSTEMPATH/Database/BaseConnection.php(734): CodeIgniter\Database\MySQLi\Connection->execute('SELECT *
FROM `po_open`
WHERE `po_no` = \'7413\'')
 3 SYSTEMPATH/Database/BaseConnection.php(648): CodeIgniter\Database\BaseConnection->simpleQuery('SELECT *
FROM `po_open`
WHERE `po_no` = \'7413\'')
 4 SYSTEMPATH/Database/BaseBuilder.php(1782): CodeIgniter\Database\BaseConnection->query('SELECT *
FROM `po_open`
WHERE `po_no` = :po_no:', [...], false)
 5 APPPATH/Controllers/WMS/SC/Delivery.php(55): CodeIgniter\Database\BaseBuilder->getWhere([...])
 6 SYSTEMPATH/CodeIgniter.php(933): App\Controllers\WMS\SC\Delivery->getPo()
 7 SYSTEMPATH/CodeIgniter.php(509): CodeIgniter\CodeIgniter->runController(Object(App\Controllers\WMS\SC\Delivery))
 8 SYSTEMPATH/CodeIgniter.php(355): CodeIgniter\CodeIgniter->handleRequest(null, Object(Config\Cache), false)
 9 SYSTEMPATH/Boot.php(325): CodeIgniter\CodeIgniter->run()
10 SYSTEMPATH/Boot.php(67): CodeIgniter\Boot::runCodeIgniter(Object(CodeIgniter\CodeIgniter))
11 FCPATH/index.php(36): CodeIgniter\Boot::bootWeb(Object(Config\Paths))
ERROR - 2024-10-22 06:27:24 --> mysqli_sql_exception: Table 'gslcrud-d846.po_stock_sc_items' doesn't exist in /home/sites/38a/c/cec089f1ff/public_html/vendor/codeigniter4/framework/system/Database/MySQLi/Connection.php:312
Stack trace:
#0 /home/sites/38a/c/cec089f1ff/public_html/vendor/codeigniter4/framework/system/Database/MySQLi/Connection.php(312): mysqli->query('SELECT `sku`\nFR...', 0)
#1 /home/sites/38a/c/cec089f1ff/public_html/vendor/codeigniter4/framework/system/Database/BaseConnection.php(734): CodeIgniter\Database\MySQLi\Connection->execute('SELECT `sku`\nFR...')
#2 /home/sites/38a/c/cec089f1ff/public_html/vendor/codeigniter4/framework/system/Database/BaseConnection.php(648): CodeIgniter\Database\BaseConnection->simpleQuery('SELECT `sku`\nFR...')
#3 /home/sites/38a/c/cec089f1ff/public_html/vendor/codeigniter4/framework/system/Database/BaseBuilder.php(1782): CodeIgniter\Database\BaseConnection->query('SELECT `sku`\nFR...', Array, false)
#4 /home/sites/38a/c/cec089f1ff/public_html/app/Controllers/WMS/SC/Delivery.php(58): CodeIgniter\Database\BaseBuilder->getWhere(Array)
#5 /home/sites/38a/c/cec089f1ff/public_html/vendor/codeigniter4/framework/system/CodeIgniter.php(933): App\Controllers\WMS\SC\Delivery->getPo()
#6 /home/sites/38a/c/cec089f1ff/public_html/vendor/codeigniter4/framework/system/CodeIgniter.php(509): CodeIgniter\CodeIgniter->runController(Object(App\Controllers\WMS\SC\Delivery))
#7 /home/sites/38a/c/cec089f1ff/public_html/vendor/codeigniter4/framework/system/CodeIgniter.php(355): CodeIgniter\CodeIgniter->handleRequest(NULL, Object(Config\Cache), false)
#8 /home/sites/38a/c/cec089f1ff/public_html/vendor/codeigniter4/framework/system/Boot.php(325): CodeIgniter\CodeIgniter->run()
#9 /home/sites/38a/c/cec089f1ff/public_html/vendor/codeigniter4/framework/system/Boot.php(67): CodeIgniter\Boot::runCodeIgniter(Object(CodeIgniter\CodeIgniter))
#10 /home/sites/38a/c/cec089f1ff/public_html/public/index.php(36): CodeIgniter\Boot::bootWeb(Object(Config\Paths))
#11 {main}
CRITICAL - 2024-10-22 06:27:24 --> CodeIgniter\Database\Exceptions\DatabaseException: Table 'gslcrud-d846.po_stock_sc_items' doesn't exist
[Method: POST, Route: wms/sc/delivery/get-po]
in SYSTEMPATH/Database/BaseConnection.php on line 688.
 1 SYSTEMPATH/Database/BaseBuilder.php(1782): CodeIgniter\Database\BaseConnection->query('SELECT `sku`
FROM `po_stock_sc_items`
WHERE `po_no` = :po_no:', [...], false)
 2 APPPATH/Controllers/WMS/SC/Delivery.php(58): CodeIgniter\Database\BaseBuilder->getWhere([...])
 3 SYSTEMPATH/CodeIgniter.php(933): App\Controllers\WMS\SC\Delivery->getPo()
 4 SYSTEMPATH/CodeIgniter.php(509): CodeIgniter\CodeIgniter->runController(Object(App\Controllers\WMS\SC\Delivery))
 5 SYSTEMPATH/CodeIgniter.php(355): CodeIgniter\CodeIgniter->handleRequest(null, Object(Config\Cache), false)
 6 SYSTEMPATH/Boot.php(325): CodeIgniter\CodeIgniter->run()
 7 SYSTEMPATH/Boot.php(67): CodeIgniter\Boot::runCodeIgniter(Object(CodeIgniter\CodeIgniter))
 8 FCPATH/index.php(36): CodeIgniter\Boot::bootWeb(Object(Config\Paths))
CRITICAL - 2024-10-22 06:27:24 --> [Caused by] CodeIgniter\Database\Exceptions\DatabaseException: Table 'gslcrud-d846.po_stock_sc_items' doesn't exist
in SYSTEMPATH/Database/MySQLi/Connection.php on line 317.
 1 SYSTEMPATH/Database/BaseConnection.php(734): CodeIgniter\Database\MySQLi\Connection->execute('SELECT `sku`
FROM `po_stock_sc_items`
WHERE `po_no` = \'6957\'')
 2 SYSTEMPATH/Database/BaseConnection.php(648): CodeIgniter\Database\BaseConnection->simpleQuery('SELECT `sku`
FROM `po_stock_sc_items`
WHERE `po_no` = \'6957\'')
 3 SYSTEMPATH/Database/BaseBuilder.php(1782): CodeIgniter\Database\BaseConnection->query('SELECT `sku`
FROM `po_stock_sc_items`
WHERE `po_no` = :po_no:', [...], false)
 4 APPPATH/Controllers/WMS/SC/Delivery.php(58): CodeIgniter\Database\BaseBuilder->getWhere([...])
 5 SYSTEMPATH/CodeIgniter.php(933): App\Controllers\WMS\SC\Delivery->getPo()
 6 SYSTEMPATH/CodeIgniter.php(509): CodeIgniter\CodeIgniter->runController(Object(App\Controllers\WMS\SC\Delivery))
 7 SYSTEMPATH/CodeIgniter.php(355): CodeIgniter\CodeIgniter->handleRequest(null, Object(Config\Cache), false)
 8 SYSTEMPATH/Boot.php(325): CodeIgniter\CodeIgniter->run()
 9 SYSTEMPATH/Boot.php(67): CodeIgniter\Boot::runCodeIgniter(Object(CodeIgniter\CodeIgniter))
10 FCPATH/index.php(36): CodeIgniter\Boot::bootWeb(Object(Config\Paths))
CRITICAL - 2024-10-22 06:27:24 --> [Caused by] mysqli_sql_exception: Table 'gslcrud-d846.po_stock_sc_items' doesn't exist
in SYSTEMPATH/Database/MySQLi/Connection.php on line 312.
 1 SYSTEMPATH/Database/MySQLi/Connection.php(312): mysqli->query('SELECT `sku`
FROM `po_stock_sc_items`
WHERE `po_no` = \'6957\'', 0)
 2 SYSTEMPATH/Database/BaseConnection.php(734): CodeIgniter\Database\MySQLi\Connection->execute('SELECT `sku`
FROM `po_stock_sc_items`
WHERE `po_no` = \'6957\'')
 3 SYSTEMPATH/Database/BaseConnection.php(648): CodeIgniter\Database\BaseConnection->simpleQuery('SELECT `sku`
FROM `po_stock_sc_items`
WHERE `po_no` = \'6957\'')
 4 SYSTEMPATH/Database/BaseBuilder.php(1782): CodeIgniter\Database\BaseConnection->query('SELECT `sku`
FROM `po_stock_sc_items`
WHERE `po_no` = :po_no:', [...], false)
 5 APPPATH/Controllers/WMS/SC/Delivery.php(58): CodeIgniter\Database\BaseBuilder->getWhere([...])
 6 SYSTEMPATH/CodeIgniter.php(933): App\Controllers\WMS\SC\Delivery->getPo()
 7 SYSTEMPATH/CodeIgniter.php(509): CodeIgniter\CodeIgniter->runController(Object(App\Controllers\WMS\SC\Delivery))
 8 SYSTEMPATH/CodeIgniter.php(355): CodeIgniter\CodeIgniter->handleRequest(null, Object(Config\Cache), false)
 9 SYSTEMPATH/Boot.php(325): CodeIgniter\CodeIgniter->run()
10 SYSTEMPATH/Boot.php(67): CodeIgniter\Boot::runCodeIgniter(Object(CodeIgniter\CodeIgniter))
11 FCPATH/index.php(36): CodeIgniter\Boot::bootWeb(Object(Config\Paths))
CRITICAL - 2024-10-22 06:40:37 --> ErrorException: Undefined array key "supplier_code"
[Method: POST, Route: wms/nj/pre-receiving]
in APPPATH/Controllers/WMS/NJ/PreReceiving.php on line 22.
 1 APPPATH/Controllers/WMS/NJ/PreReceiving.php(22): CodeIgniter\Debug\Exceptions->errorHandler(2, 'Undefined array key "supplier_code"', '/home/sites/38a/c/cec089f1ff/public_html/app/Controllers/WMS/NJ/PreReceiving.php', 22)
 2 SYSTEMPATH/CodeIgniter.php(933): App\Controllers\WMS\NJ\PreReceiving->index()
 3 SYSTEMPATH/CodeIgniter.php(509): CodeIgniter\CodeIgniter->runController(Object(App\Controllers\WMS\NJ\PreReceiving))
 4 SYSTEMPATH/CodeIgniter.php(355): CodeIgniter\CodeIgniter->handleRequest(null, Object(Config\Cache), false)
 5 SYSTEMPATH/Boot.php(325): CodeIgniter\CodeIgniter->run()
 6 SYSTEMPATH/Boot.php(67): CodeIgniter\Boot::runCodeIgniter(Object(CodeIgniter\CodeIgniter))
 7 FCPATH/index.php(36): CodeIgniter\Boot::bootWeb(Object(Config\Paths))
CRITICAL - 2024-10-22 08:29:42 --> Error: Cannot use object of type mysqli as array
[Method: POST, Route: wms/sc/delivery/items]
in APPPATH/Controllers/WMS/SC/DeliveryItems.php on line 18.
 1 SYSTEMPATH/CodeIgniter.php(933): App\Controllers\WMS\SC\DeliveryItems->index()
 2 SYSTEMPATH/CodeIgniter.php(509): CodeIgniter\CodeIgniter->runController(Object(App\Controllers\WMS\SC\DeliveryItems))
 3 SYSTEMPATH/CodeIgniter.php(355): CodeIgniter\CodeIgniter->handleRequest(null, Object(Config\Cache), false)
 4 SYSTEMPATH/Boot.php(325): CodeIgniter\CodeIgniter->run()
 5 SYSTEMPATH/Boot.php(67): CodeIgniter\Boot::runCodeIgniter(Object(CodeIgniter\CodeIgniter))
 6 FCPATH/index.php(36): CodeIgniter\Boot::bootWeb(Object(Config\Paths))
