ERROR - 2024-10-04 05:30:10 --> 55 : 
ERROR - 2024-10-04 07:01:12 --> Email: Unable to send email using SMTP. Your server might not be configured to send mail using this method.
ERROR - 2024-10-04 07:01:12 --> 220 LNXP123CA0004.outlook.office365.com Microsoft ESMTP MAIL Service ready at Fri, 4 Oct 2024 11:01:06 +0000 [08DCE3F47C7C3A74]

hello: 250-LNXP123CA0004.outlook.office365.com Hello [45.8.227.175]
250-SIZE 157286400
250-PIPELINING
250-DSN
250-ENHANCEDSTATUSCODES
250-STARTTLS
250-8BITMIME
250-BINARYMIME
250-CHUNKING
250 SMTPUTF8

starttls: 220 2.0.0 SMTP server ready

hello: 250-LNXP123CA0004.outlook.office365.com Hello [45.8.227.175]
250-SIZE 157286400
250-PIPELINING
250-DSN
250-ENHANCEDSTATUSCODES
250-AUTH LOGIN XOAUTH2
250-8BITMIME
250-BINARYMIME
250-CHUNKING
250 SMTPUTF8

Failed to authenticate password. Error: 
