CRITICAL - 2024-11-05 04:33:32 --> ErrorException: Undefined variable $items
[Method: POST, Route: wms/nj/delivery/items]
in APPPATH/Controllers/WMS/NJ/DeliveryItems.php on line 34.
 1 APPPATH/Controllers/WMS/NJ/DeliveryItems.php(34): CodeIgniter\Debug\Exceptions->errorHandler(2, 'Undefined variable $items', '/home/sites/38a/c/cec089f1ff/public_html/app/Controllers/WMS/NJ/DeliveryItems.php', 34)
 2 SYSTEMPATH/CodeIgniter.php(933): App\Controllers\WMS\NJ\DeliveryItems->index()
 3 SYSTEMPATH/CodeIgniter.php(509): CodeIgniter\CodeIgniter->runController(Object(App\Controllers\WMS\NJ\DeliveryItems))
 4 SYSTEMPATH/CodeIgniter.php(355): CodeIgniter\CodeIgniter->handleRequest(null, Object(Config\Cache), false)
 5 SYSTEMPATH/Boot.php(325): CodeIgniter\CodeIgniter->run()
 6 SYSTEMPATH/Boot.php(67): CodeIgniter\Boot::runCodeIgniter(Object(CodeIgniter\CodeIgniter))
 7 FCPATH/index.php(36): CodeIgniter\Boot::bootWeb(Object(Config\Paths))
CRITICAL - 2024-11-05 04:33:35 --> ErrorException: Undefined variable $items
[Method: POST, Route: wms/nj/delivery/items]
in APPPATH/Controllers/WMS/NJ/DeliveryItems.php on line 34.
 1 APPPATH/Controllers/WMS/NJ/DeliveryItems.php(34): CodeIgniter\Debug\Exceptions->errorHandler(2, 'Undefined variable $items', '/home/sites/38a/c/cec089f1ff/public_html/app/Controllers/WMS/NJ/DeliveryItems.php', 34)
 2 SYSTEMPATH/CodeIgniter.php(933): App\Controllers\WMS\NJ\DeliveryItems->index()
 3 SYSTEMPATH/CodeIgniter.php(509): CodeIgniter\CodeIgniter->runController(Object(App\Controllers\WMS\NJ\DeliveryItems))
 4 SYSTEMPATH/CodeIgniter.php(355): CodeIgniter\CodeIgniter->handleRequest(null, Object(Config\Cache), false)
 5 SYSTEMPATH/Boot.php(325): CodeIgniter\CodeIgniter->run()
 6 SYSTEMPATH/Boot.php(67): CodeIgniter\Boot::runCodeIgniter(Object(CodeIgniter\CodeIgniter))
 7 FCPATH/index.php(36): CodeIgniter\Boot::bootWeb(Object(Config\Paths))
CRITICAL - 2024-11-05 04:34:38 --> ErrorException: Undefined variable $items
[Method: POST, Route: wms/nj/delivery/items]
in APPPATH/Controllers/WMS/NJ/DeliveryItems.php on line 34.
 1 APPPATH/Controllers/WMS/NJ/DeliveryItems.php(34): CodeIgniter\Debug\Exceptions->errorHandler(2, 'Undefined variable $items', '/home/sites/38a/c/cec089f1ff/public_html/app/Controllers/WMS/NJ/DeliveryItems.php', 34)
 2 SYSTEMPATH/CodeIgniter.php(933): App\Controllers\WMS\NJ\DeliveryItems->index()
 3 SYSTEMPATH/CodeIgniter.php(509): CodeIgniter\CodeIgniter->runController(Object(App\Controllers\WMS\NJ\DeliveryItems))
 4 SYSTEMPATH/CodeIgniter.php(355): CodeIgniter\CodeIgniter->handleRequest(null, Object(Config\Cache), false)
 5 SYSTEMPATH/Boot.php(325): CodeIgniter\CodeIgniter->run()
 6 SYSTEMPATH/Boot.php(67): CodeIgniter\Boot::runCodeIgniter(Object(CodeIgniter\CodeIgniter))
 7 FCPATH/index.php(36): CodeIgniter\Boot::bootWeb(Object(Config\Paths))
CRITICAL - 2024-11-05 04:55:13 --> ErrorException: Declaration of PhpOffice\PhpSpreadsheet\Reader\IReadFilter@anonymous::readCell($column, $row, $worksheetName = '') must be compatible with PhpOffice\PhpSpreadsheet\Reader\IReadFilter::readCell(string $columnAddress, int $row, string $worksheetName = ''): bool
[Method: CLI, Route: cronjob:run]
in APPPATH/Controllers/CronJobs/PoStock.php on line 38.
 1 [internal function]: CodeIgniter\Debug\Exceptions->shutdownHandler()
CRITICAL - 2024-11-05 06:02:01 --> ErrorException: Undefined variable $items
[Method: POST, Route: wms/nj/delivery/items]
in APPPATH/Controllers/WMS/NJ/DeliveryItems.php on line 34.
 1 APPPATH/Controllers/WMS/NJ/DeliveryItems.php(34): CodeIgniter\Debug\Exceptions->errorHandler(2, 'Undefined variable $items', '/home/sites/38a/c/cec089f1ff/public_html/app/Controllers/WMS/NJ/DeliveryItems.php', 34)
 2 SYSTEMPATH/CodeIgniter.php(933): App\Controllers\WMS\NJ\DeliveryItems->index()
 3 SYSTEMPATH/CodeIgniter.php(509): CodeIgniter\CodeIgniter->runController(Object(App\Controllers\WMS\NJ\DeliveryItems))
 4 SYSTEMPATH/CodeIgniter.php(355): CodeIgniter\CodeIgniter->handleRequest(null, Object(Config\Cache), false)
 5 SYSTEMPATH/Boot.php(325): CodeIgniter\CodeIgniter->run()
 6 SYSTEMPATH/Boot.php(67): CodeIgniter\Boot::runCodeIgniter(Object(CodeIgniter\CodeIgniter))
 7 FCPATH/index.php(36): CodeIgniter\Boot::bootWeb(Object(Config\Paths))
ERROR - 2024-11-05 10:12:12 --> mysqli_sql_exception: Column 'po_no' cannot be null in /home/sites/38a/c/cec089f1ff/public_html/vendor/codeigniter4/framework/system/Database/MySQLi/Connection.php:312
Stack trace:
#0 /home/sites/38a/c/cec089f1ff/public_html/vendor/codeigniter4/framework/system/Database/MySQLi/Connection.php(312): mysqli->query('INSERT INTO `re...', 0)
#1 /home/sites/38a/c/cec089f1ff/public_html/vendor/codeigniter4/framework/system/Database/BaseConnection.php(734): CodeIgniter\Database\MySQLi\Connection->execute('INSERT INTO `re...')
#2 /home/sites/38a/c/cec089f1ff/public_html/vendor/codeigniter4/framework/system/Database/BaseConnection.php(648): CodeIgniter\Database\BaseConnection->simpleQuery('INSERT INTO `re...')
#3 /home/sites/38a/c/cec089f1ff/public_html/vendor/codeigniter4/framework/system/Database/BaseBuilder.php(2340): CodeIgniter\Database\BaseConnection->query('INSERT INTO `re...', Array, false)
#4 /home/sites/38a/c/cec089f1ff/public_html/app/Controllers/WMS/NJ/Thornton/ReceivingUnits.php(28): CodeIgniter\Database\BaseBuilder->insert(Array)
#5 /home/sites/38a/c/cec089f1ff/public_html/vendor/codeigniter4/framework/system/CodeIgniter.php(933): App\Controllers\WMS\NJ\Thornton\ReceivingUnits->createUnits()
#6 /home/sites/38a/c/cec089f1ff/public_html/vendor/codeigniter4/framework/system/CodeIgniter.php(509): CodeIgniter\CodeIgniter->runController(Object(App\Controllers\WMS\NJ\Thornton\ReceivingUnits))
#7 /home/sites/38a/c/cec089f1ff/public_html/vendor/codeigniter4/framework/system/CodeIgniter.php(355): CodeIgniter\CodeIgniter->handleRequest(NULL, Object(Config\Cache), false)
#8 /home/sites/38a/c/cec089f1ff/public_html/vendor/codeigniter4/framework/system/Boot.php(325): CodeIgniter\CodeIgniter->run()
#9 /home/sites/38a/c/cec089f1ff/public_html/vendor/codeigniter4/framework/system/Boot.php(67): CodeIgniter\Boot::runCodeIgniter(Object(CodeIgniter\CodeIgniter))
#10 /home/sites/38a/c/cec089f1ff/public_html/public/index.php(36): CodeIgniter\Boot::bootWeb(Object(Config\Paths))
#11 {main}
ERROR - 2024-11-05 10:12:12 --> mysqli_sql_exception: Column 'po_no' cannot be null in /home/sites/38a/c/cec089f1ff/public_html/vendor/codeigniter4/framework/system/Database/MySQLi/Connection.php:312
Stack trace:
#0 /home/sites/38a/c/cec089f1ff/public_html/vendor/codeigniter4/framework/system/Database/MySQLi/Connection.php(312): mysqli->query('INSERT INTO `re...', 0)
#1 /home/sites/38a/c/cec089f1ff/public_html/vendor/codeigniter4/framework/system/Database/BaseConnection.php(734): CodeIgniter\Database\MySQLi\Connection->execute('INSERT INTO `re...')
#2 /home/sites/38a/c/cec089f1ff/public_html/vendor/codeigniter4/framework/system/Database/BaseConnection.php(648): CodeIgniter\Database\BaseConnection->simpleQuery('INSERT INTO `re...')
#3 /home/sites/38a/c/cec089f1ff/public_html/vendor/codeigniter4/framework/system/Database/BaseBuilder.php(2340): CodeIgniter\Database\BaseConnection->query('INSERT INTO `re...', Array, false)
#4 /home/sites/38a/c/cec089f1ff/public_html/app/Controllers/WMS/NJ/Thornton/ReceivingUnits.php(28): CodeIgniter\Database\BaseBuilder->insert(Array)
#5 /home/sites/38a/c/cec089f1ff/public_html/vendor/codeigniter4/framework/system/CodeIgniter.php(933): App\Controllers\WMS\NJ\Thornton\ReceivingUnits->createUnits()
#6 /home/sites/38a/c/cec089f1ff/public_html/vendor/codeigniter4/framework/system/CodeIgniter.php(509): CodeIgniter\CodeIgniter->runController(Object(App\Controllers\WMS\NJ\Thornton\ReceivingUnits))
#7 /home/sites/38a/c/cec089f1ff/public_html/vendor/codeigniter4/framework/system/CodeIgniter.php(355): CodeIgniter\CodeIgniter->handleRequest(NULL, Object(Config\Cache), false)
#8 /home/sites/38a/c/cec089f1ff/public_html/vendor/codeigniter4/framework/system/Boot.php(325): CodeIgniter\CodeIgniter->run()
#9 /home/sites/38a/c/cec089f1ff/public_html/vendor/codeigniter4/framework/system/Boot.php(67): CodeIgniter\Boot::runCodeIgniter(Object(CodeIgniter\CodeIgniter))
#10 /home/sites/38a/c/cec089f1ff/public_html/public/index.php(36): CodeIgniter\Boot::bootWeb(Object(Config\Paths))
#11 {main}
ERROR - 2024-11-05 10:12:12 --> mysqli_sql_exception: Column 'po_no' cannot be null in /home/sites/38a/c/cec089f1ff/public_html/vendor/codeigniter4/framework/system/Database/MySQLi/Connection.php:312
Stack trace:
#0 /home/sites/38a/c/cec089f1ff/public_html/vendor/codeigniter4/framework/system/Database/MySQLi/Connection.php(312): mysqli->query('INSERT INTO `re...', 0)
#1 /home/sites/38a/c/cec089f1ff/public_html/vendor/codeigniter4/framework/system/Database/BaseConnection.php(734): CodeIgniter\Database\MySQLi\Connection->execute('INSERT INTO `re...')
#2 /home/sites/38a/c/cec089f1ff/public_html/vendor/codeigniter4/framework/system/Database/BaseConnection.php(648): CodeIgniter\Database\BaseConnection->simpleQuery('INSERT INTO `re...')
#3 /home/sites/38a/c/cec089f1ff/public_html/vendor/codeigniter4/framework/system/Database/BaseBuilder.php(2340): CodeIgniter\Database\BaseConnection->query('INSERT INTO `re...', Array, false)
#4 /home/sites/38a/c/cec089f1ff/public_html/app/Controllers/WMS/NJ/Thornton/ReceivingUnits.php(28): CodeIgniter\Database\BaseBuilder->insert(Array)
#5 /home/sites/38a/c/cec089f1ff/public_html/vendor/codeigniter4/framework/system/CodeIgniter.php(933): App\Controllers\WMS\NJ\Thornton\ReceivingUnits->createUnits()
#6 /home/sites/38a/c/cec089f1ff/public_html/vendor/codeigniter4/framework/system/CodeIgniter.php(509): CodeIgniter\CodeIgniter->runController(Object(App\Controllers\WMS\NJ\Thornton\ReceivingUnits))
#7 /home/sites/38a/c/cec089f1ff/public_html/vendor/codeigniter4/framework/system/CodeIgniter.php(355): CodeIgniter\CodeIgniter->handleRequest(NULL, Object(Config\Cache), false)
#8 /home/sites/38a/c/cec089f1ff/public_html/vendor/codeigniter4/framework/system/Boot.php(325): CodeIgniter\CodeIgniter->run()
#9 /home/sites/38a/c/cec089f1ff/public_html/vendor/codeigniter4/framework/system/Boot.php(67): CodeIgniter\Boot::runCodeIgniter(Object(CodeIgniter\CodeIgniter))
#10 /home/sites/38a/c/cec089f1ff/public_html/public/index.php(36): CodeIgniter\Boot::bootWeb(Object(Config\Paths))
#11 {main}
ERROR - 2024-11-05 10:12:12 --> mysqli_sql_exception: Column 'po_no' cannot be null in /home/sites/38a/c/cec089f1ff/public_html/vendor/codeigniter4/framework/system/Database/MySQLi/Connection.php:312
Stack trace:
#0 /home/sites/38a/c/cec089f1ff/public_html/vendor/codeigniter4/framework/system/Database/MySQLi/Connection.php(312): mysqli->query('INSERT INTO `re...', 0)
#1 /home/sites/38a/c/cec089f1ff/public_html/vendor/codeigniter4/framework/system/Database/BaseConnection.php(734): CodeIgniter\Database\MySQLi\Connection->execute('INSERT INTO `re...')
#2 /home/sites/38a/c/cec089f1ff/public_html/vendor/codeigniter4/framework/system/Database/BaseConnection.php(648): CodeIgniter\Database\BaseConnection->simpleQuery('INSERT INTO `re...')
#3 /home/sites/38a/c/cec089f1ff/public_html/vendor/codeigniter4/framework/system/Database/BaseBuilder.php(2340): CodeIgniter\Database\BaseConnection->query('INSERT INTO `re...', Array, false)
#4 /home/sites/38a/c/cec089f1ff/public_html/app/Controllers/WMS/NJ/Thornton/ReceivingUnits.php(28): CodeIgniter\Database\BaseBuilder->insert(Array)
#5 /home/sites/38a/c/cec089f1ff/public_html/vendor/codeigniter4/framework/system/CodeIgniter.php(933): App\Controllers\WMS\NJ\Thornton\ReceivingUnits->createUnits()
#6 /home/sites/38a/c/cec089f1ff/public_html/vendor/codeigniter4/framework/system/CodeIgniter.php(509): CodeIgniter\CodeIgniter->runController(Object(App\Controllers\WMS\NJ\Thornton\ReceivingUnits))
#7 /home/sites/38a/c/cec089f1ff/public_html/vendor/codeigniter4/framework/system/CodeIgniter.php(355): CodeIgniter\CodeIgniter->handleRequest(NULL, Object(Config\Cache), false)
#8 /home/sites/38a/c/cec089f1ff/public_html/vendor/codeigniter4/framework/system/Boot.php(325): CodeIgniter\CodeIgniter->run()
#9 /home/sites/38a/c/cec089f1ff/public_html/vendor/codeigniter4/framework/system/Boot.php(67): CodeIgniter\Boot::runCodeIgniter(Object(CodeIgniter\CodeIgniter))
#10 /home/sites/38a/c/cec089f1ff/public_html/public/index.php(36): CodeIgniter\Boot::bootWeb(Object(Config\Paths))
#11 {main}
ERROR - 2024-11-05 10:12:12 --> mysqli_sql_exception: Column 'po_no' cannot be null in /home/sites/38a/c/cec089f1ff/public_html/vendor/codeigniter4/framework/system/Database/MySQLi/Connection.php:312
Stack trace:
#0 /home/sites/38a/c/cec089f1ff/public_html/vendor/codeigniter4/framework/system/Database/MySQLi/Connection.php(312): mysqli->query('INSERT INTO `re...', 0)
#1 /home/sites/38a/c/cec089f1ff/public_html/vendor/codeigniter4/framework/system/Database/BaseConnection.php(734): CodeIgniter\Database\MySQLi\Connection->execute('INSERT INTO `re...')
#2 /home/sites/38a/c/cec089f1ff/public_html/vendor/codeigniter4/framework/system/Database/BaseConnection.php(648): CodeIgniter\Database\BaseConnection->simpleQuery('INSERT INTO `re...')
#3 /home/sites/38a/c/cec089f1ff/public_html/vendor/codeigniter4/framework/system/Database/BaseBuilder.php(2340): CodeIgniter\Database\BaseConnection->query('INSERT INTO `re...', Array, false)
#4 /home/sites/38a/c/cec089f1ff/public_html/app/Controllers/WMS/NJ/Thornton/ReceivingUnits.php(28): CodeIgniter\Database\BaseBuilder->insert(Array)
#5 /home/sites/38a/c/cec089f1ff/public_html/vendor/codeigniter4/framework/system/CodeIgniter.php(933): App\Controllers\WMS\NJ\Thornton\ReceivingUnits->createUnits()
#6 /home/sites/38a/c/cec089f1ff/public_html/vendor/codeigniter4/framework/system/CodeIgniter.php(509): CodeIgniter\CodeIgniter->runController(Object(App\Controllers\WMS\NJ\Thornton\ReceivingUnits))
#7 /home/sites/38a/c/cec089f1ff/public_html/vendor/codeigniter4/framework/system/CodeIgniter.php(355): CodeIgniter\CodeIgniter->handleRequest(NULL, Object(Config\Cache), false)
#8 /home/sites/38a/c/cec089f1ff/public_html/vendor/codeigniter4/framework/system/Boot.php(325): CodeIgniter\CodeIgniter->run()
#9 /home/sites/38a/c/cec089f1ff/public_html/vendor/codeigniter4/framework/system/Boot.php(67): CodeIgniter\Boot::runCodeIgniter(Object(CodeIgniter\CodeIgniter))
#10 /home/sites/38a/c/cec089f1ff/public_html/public/index.php(36): CodeIgniter\Boot::bootWeb(Object(Config\Paths))
#11 {main}
ERROR - 2024-11-05 10:12:12 --> mysqli_sql_exception: Column 'po_no' cannot be null in /home/sites/38a/c/cec089f1ff/public_html/vendor/codeigniter4/framework/system/Database/MySQLi/Connection.php:312
Stack trace:
#0 /home/sites/38a/c/cec089f1ff/public_html/vendor/codeigniter4/framework/system/Database/MySQLi/Connection.php(312): mysqli->query('INSERT INTO `re...', 0)
#1 /home/sites/38a/c/cec089f1ff/public_html/vendor/codeigniter4/framework/system/Database/BaseConnection.php(734): CodeIgniter\Database\MySQLi\Connection->execute('INSERT INTO `re...')
#2 /home/sites/38a/c/cec089f1ff/public_html/vendor/codeigniter4/framework/system/Database/BaseConnection.php(648): CodeIgniter\Database\BaseConnection->simpleQuery('INSERT INTO `re...')
#3 /home/sites/38a/c/cec089f1ff/public_html/vendor/codeigniter4/framework/system/Database/BaseBuilder.php(2340): CodeIgniter\Database\BaseConnection->query('INSERT INTO `re...', Array, false)
#4 /home/sites/38a/c/cec089f1ff/public_html/app/Controllers/WMS/NJ/Thornton/ReceivingUnits.php(28): CodeIgniter\Database\BaseBuilder->insert(Array)
#5 /home/sites/38a/c/cec089f1ff/public_html/vendor/codeigniter4/framework/system/CodeIgniter.php(933): App\Controllers\WMS\NJ\Thornton\ReceivingUnits->createUnits()
#6 /home/sites/38a/c/cec089f1ff/public_html/vendor/codeigniter4/framework/system/CodeIgniter.php(509): CodeIgniter\CodeIgniter->runController(Object(App\Controllers\WMS\NJ\Thornton\ReceivingUnits))
#7 /home/sites/38a/c/cec089f1ff/public_html/vendor/codeigniter4/framework/system/CodeIgniter.php(355): CodeIgniter\CodeIgniter->handleRequest(NULL, Object(Config\Cache), false)
#8 /home/sites/38a/c/cec089f1ff/public_html/vendor/codeigniter4/framework/system/Boot.php(325): CodeIgniter\CodeIgniter->run()
#9 /home/sites/38a/c/cec089f1ff/public_html/vendor/codeigniter4/framework/system/Boot.php(67): CodeIgniter\Boot::runCodeIgniter(Object(CodeIgniter\CodeIgniter))
#10 /home/sites/38a/c/cec089f1ff/public_html/public/index.php(36): CodeIgniter\Boot::bootWeb(Object(Config\Paths))
#11 {main}
ERROR - 2024-11-05 10:12:12 --> mysqli_sql_exception: Column 'po_no' cannot be null in /home/sites/38a/c/cec089f1ff/public_html/vendor/codeigniter4/framework/system/Database/MySQLi/Connection.php:312
Stack trace:
#0 /home/sites/38a/c/cec089f1ff/public_html/vendor/codeigniter4/framework/system/Database/MySQLi/Connection.php(312): mysqli->query('INSERT INTO `re...', 0)
#1 /home/sites/38a/c/cec089f1ff/public_html/vendor/codeigniter4/framework/system/Database/BaseConnection.php(734): CodeIgniter\Database\MySQLi\Connection->execute('INSERT INTO `re...')
#2 /home/sites/38a/c/cec089f1ff/public_html/vendor/codeigniter4/framework/system/Database/BaseConnection.php(648): CodeIgniter\Database\BaseConnection->simpleQuery('INSERT INTO `re...')
#3 /home/sites/38a/c/cec089f1ff/public_html/vendor/codeigniter4/framework/system/Database/BaseBuilder.php(2340): CodeIgniter\Database\BaseConnection->query('INSERT INTO `re...', Array, false)
#4 /home/sites/38a/c/cec089f1ff/public_html/app/Controllers/WMS/NJ/Thornton/ReceivingUnits.php(28): CodeIgniter\Database\BaseBuilder->insert(Array)
#5 /home/sites/38a/c/cec089f1ff/public_html/vendor/codeigniter4/framework/system/CodeIgniter.php(933): App\Controllers\WMS\NJ\Thornton\ReceivingUnits->createUnits()
#6 /home/sites/38a/c/cec089f1ff/public_html/vendor/codeigniter4/framework/system/CodeIgniter.php(509): CodeIgniter\CodeIgniter->runController(Object(App\Controllers\WMS\NJ\Thornton\ReceivingUnits))
#7 /home/sites/38a/c/cec089f1ff/public_html/vendor/codeigniter4/framework/system/CodeIgniter.php(355): CodeIgniter\CodeIgniter->handleRequest(NULL, Object(Config\Cache), false)
#8 /home/sites/38a/c/cec089f1ff/public_html/vendor/codeigniter4/framework/system/Boot.php(325): CodeIgniter\CodeIgniter->run()
#9 /home/sites/38a/c/cec089f1ff/public_html/vendor/codeigniter4/framework/system/Boot.php(67): CodeIgniter\Boot::runCodeIgniter(Object(CodeIgniter\CodeIgniter))
#10 /home/sites/38a/c/cec089f1ff/public_html/public/index.php(36): CodeIgniter\Boot::bootWeb(Object(Config\Paths))
#11 {main}
ERROR - 2024-11-05 10:12:12 --> mysqli_sql_exception: Column 'po_no' cannot be null in /home/sites/38a/c/cec089f1ff/public_html/vendor/codeigniter4/framework/system/Database/MySQLi/Connection.php:312
Stack trace:
#0 /home/sites/38a/c/cec089f1ff/public_html/vendor/codeigniter4/framework/system/Database/MySQLi/Connection.php(312): mysqli->query('INSERT INTO `re...', 0)
#1 /home/sites/38a/c/cec089f1ff/public_html/vendor/codeigniter4/framework/system/Database/BaseConnection.php(734): CodeIgniter\Database\MySQLi\Connection->execute('INSERT INTO `re...')
#2 /home/sites/38a/c/cec089f1ff/public_html/vendor/codeigniter4/framework/system/Database/BaseConnection.php(648): CodeIgniter\Database\BaseConnection->simpleQuery('INSERT INTO `re...')
#3 /home/sites/38a/c/cec089f1ff/public_html/vendor/codeigniter4/framework/system/Database/BaseBuilder.php(2340): CodeIgniter\Database\BaseConnection->query('INSERT INTO `re...', Array, false)
#4 /home/sites/38a/c/cec089f1ff/public_html/app/Controllers/WMS/NJ/Thornton/ReceivingUnits.php(28): CodeIgniter\Database\BaseBuilder->insert(Array)
#5 /home/sites/38a/c/cec089f1ff/public_html/vendor/codeigniter4/framework/system/CodeIgniter.php(933): App\Controllers\WMS\NJ\Thornton\ReceivingUnits->createUnits()
#6 /home/sites/38a/c/cec089f1ff/public_html/vendor/codeigniter4/framework/system/CodeIgniter.php(509): CodeIgniter\CodeIgniter->runController(Object(App\Controllers\WMS\NJ\Thornton\ReceivingUnits))
#7 /home/sites/38a/c/cec089f1ff/public_html/vendor/codeigniter4/framework/system/CodeIgniter.php(355): CodeIgniter\CodeIgniter->handleRequest(NULL, Object(Config\Cache), false)
#8 /home/sites/38a/c/cec089f1ff/public_html/vendor/codeigniter4/framework/system/Boot.php(325): CodeIgniter\CodeIgniter->run()
#9 /home/sites/38a/c/cec089f1ff/public_html/vendor/codeigniter4/framework/system/Boot.php(67): CodeIgniter\Boot::runCodeIgniter(Object(CodeIgniter\CodeIgniter))
#10 /home/sites/38a/c/cec089f1ff/public_html/public/index.php(36): CodeIgniter\Boot::bootWeb(Object(Config\Paths))
#11 {main}
ERROR - 2024-11-05 10:12:12 --> mysqli_sql_exception: Column 'po_no' cannot be null in /home/sites/38a/c/cec089f1ff/public_html/vendor/codeigniter4/framework/system/Database/MySQLi/Connection.php:312
Stack trace:
#0 /home/sites/38a/c/cec089f1ff/public_html/vendor/codeigniter4/framework/system/Database/MySQLi/Connection.php(312): mysqli->query('INSERT INTO `re...', 0)
#1 /home/sites/38a/c/cec089f1ff/public_html/vendor/codeigniter4/framework/system/Database/BaseConnection.php(734): CodeIgniter\Database\MySQLi\Connection->execute('INSERT INTO `re...')
#2 /home/sites/38a/c/cec089f1ff/public_html/vendor/codeigniter4/framework/system/Database/BaseConnection.php(648): CodeIgniter\Database\BaseConnection->simpleQuery('INSERT INTO `re...')
#3 /home/sites/38a/c/cec089f1ff/public_html/vendor/codeigniter4/framework/system/Database/BaseBuilder.php(2340): CodeIgniter\Database\BaseConnection->query('INSERT INTO `re...', Array, false)
#4 /home/sites/38a/c/cec089f1ff/public_html/app/Controllers/WMS/NJ/Thornton/ReceivingUnits.php(28): CodeIgniter\Database\BaseBuilder->insert(Array)
#5 /home/sites/38a/c/cec089f1ff/public_html/vendor/codeigniter4/framework/system/CodeIgniter.php(933): App\Controllers\WMS\NJ\Thornton\ReceivingUnits->createUnits()
#6 /home/sites/38a/c/cec089f1ff/public_html/vendor/codeigniter4/framework/system/CodeIgniter.php(509): CodeIgniter\CodeIgniter->runController(Object(App\Controllers\WMS\NJ\Thornton\ReceivingUnits))
#7 /home/sites/38a/c/cec089f1ff/public_html/vendor/codeigniter4/framework/system/CodeIgniter.php(355): CodeIgniter\CodeIgniter->handleRequest(NULL, Object(Config\Cache), false)
#8 /home/sites/38a/c/cec089f1ff/public_html/vendor/codeigniter4/framework/system/Boot.php(325): CodeIgniter\CodeIgniter->run()
#9 /home/sites/38a/c/cec089f1ff/public_html/vendor/codeigniter4/framework/system/Boot.php(67): CodeIgniter\Boot::runCodeIgniter(Object(CodeIgniter\CodeIgniter))
#10 /home/sites/38a/c/cec089f1ff/public_html/public/index.php(36): CodeIgniter\Boot::bootWeb(Object(Config\Paths))
#11 {main}
ERROR - 2024-11-05 10:12:12 --> mysqli_sql_exception: Column 'po_no' cannot be null in /home/sites/38a/c/cec089f1ff/public_html/vendor/codeigniter4/framework/system/Database/MySQLi/Connection.php:312
Stack trace:
#0 /home/sites/38a/c/cec089f1ff/public_html/vendor/codeigniter4/framework/system/Database/MySQLi/Connection.php(312): mysqli->query('INSERT INTO `re...', 0)
#1 /home/sites/38a/c/cec089f1ff/public_html/vendor/codeigniter4/framework/system/Database/BaseConnection.php(734): CodeIgniter\Database\MySQLi\Connection->execute('INSERT INTO `re...')
#2 /home/sites/38a/c/cec089f1ff/public_html/vendor/codeigniter4/framework/system/Database/BaseConnection.php(648): CodeIgniter\Database\BaseConnection->simpleQuery('INSERT INTO `re...')
#3 /home/sites/38a/c/cec089f1ff/public_html/vendor/codeigniter4/framework/system/Database/BaseBuilder.php(2340): CodeIgniter\Database\BaseConnection->query('INSERT INTO `re...', Array, false)
#4 /home/sites/38a/c/cec089f1ff/public_html/app/Controllers/WMS/NJ/Thornton/ReceivingUnits.php(28): CodeIgniter\Database\BaseBuilder->insert(Array)
#5 /home/sites/38a/c/cec089f1ff/public_html/vendor/codeigniter4/framework/system/CodeIgniter.php(933): App\Controllers\WMS\NJ\Thornton\ReceivingUnits->createUnits()
#6 /home/sites/38a/c/cec089f1ff/public_html/vendor/codeigniter4/framework/system/CodeIgniter.php(509): CodeIgniter\CodeIgniter->runController(Object(App\Controllers\WMS\NJ\Thornton\ReceivingUnits))
#7 /home/sites/38a/c/cec089f1ff/public_html/vendor/codeigniter4/framework/system/CodeIgniter.php(355): CodeIgniter\CodeIgniter->handleRequest(NULL, Object(Config\Cache), false)
#8 /home/sites/38a/c/cec089f1ff/public_html/vendor/codeigniter4/framework/system/Boot.php(325): CodeIgniter\CodeIgniter->run()
#9 /home/sites/38a/c/cec089f1ff/public_html/vendor/codeigniter4/framework/system/Boot.php(67): CodeIgniter\Boot::runCodeIgniter(Object(CodeIgniter\CodeIgniter))
#10 /home/sites/38a/c/cec089f1ff/public_html/public/index.php(36): CodeIgniter\Boot::bootWeb(Object(Config\Paths))
#11 {main}
ERROR - 2024-11-05 10:12:12 --> mysqli_sql_exception: Column 'po_no' cannot be null in /home/sites/38a/c/cec089f1ff/public_html/vendor/codeigniter4/framework/system/Database/MySQLi/Connection.php:312
Stack trace:
#0 /home/sites/38a/c/cec089f1ff/public_html/vendor/codeigniter4/framework/system/Database/MySQLi/Connection.php(312): mysqli->query('INSERT INTO `re...', 0)
#1 /home/sites/38a/c/cec089f1ff/public_html/vendor/codeigniter4/framework/system/Database/BaseConnection.php(734): CodeIgniter\Database\MySQLi\Connection->execute('INSERT INTO `re...')
#2 /home/sites/38a/c/cec089f1ff/public_html/vendor/codeigniter4/framework/system/Database/BaseConnection.php(648): CodeIgniter\Database\BaseConnection->simpleQuery('INSERT INTO `re...')
#3 /home/sites/38a/c/cec089f1ff/public_html/vendor/codeigniter4/framework/system/Database/BaseBuilder.php(2340): CodeIgniter\Database\BaseConnection->query('INSERT INTO `re...', Array, false)
#4 /home/sites/38a/c/cec089f1ff/public_html/app/Controllers/WMS/NJ/Thornton/ReceivingUnits.php(28): CodeIgniter\Database\BaseBuilder->insert(Array)
#5 /home/sites/38a/c/cec089f1ff/public_html/vendor/codeigniter4/framework/system/CodeIgniter.php(933): App\Controllers\WMS\NJ\Thornton\ReceivingUnits->createUnits()
#6 /home/sites/38a/c/cec089f1ff/public_html/vendor/codeigniter4/framework/system/CodeIgniter.php(509): CodeIgniter\CodeIgniter->runController(Object(App\Controllers\WMS\NJ\Thornton\ReceivingUnits))
#7 /home/sites/38a/c/cec089f1ff/public_html/vendor/codeigniter4/framework/system/CodeIgniter.php(355): CodeIgniter\CodeIgniter->handleRequest(NULL, Object(Config\Cache), false)
#8 /home/sites/38a/c/cec089f1ff/public_html/vendor/codeigniter4/framework/system/Boot.php(325): CodeIgniter\CodeIgniter->run()
#9 /home/sites/38a/c/cec089f1ff/public_html/vendor/codeigniter4/framework/system/Boot.php(67): CodeIgniter\Boot::runCodeIgniter(Object(CodeIgniter\CodeIgniter))
#10 /home/sites/38a/c/cec089f1ff/public_html/public/index.php(36): CodeIgniter\Boot::bootWeb(Object(Config\Paths))
#11 {main}
ERROR - 2024-11-05 10:12:12 --> mysqli_sql_exception: Column 'po_no' cannot be null in /home/sites/38a/c/cec089f1ff/public_html/vendor/codeigniter4/framework/system/Database/MySQLi/Connection.php:312
Stack trace:
#0 /home/sites/38a/c/cec089f1ff/public_html/vendor/codeigniter4/framework/system/Database/MySQLi/Connection.php(312): mysqli->query('INSERT INTO `re...', 0)
#1 /home/sites/38a/c/cec089f1ff/public_html/vendor/codeigniter4/framework/system/Database/BaseConnection.php(734): CodeIgniter\Database\MySQLi\Connection->execute('INSERT INTO `re...')
#2 /home/sites/38a/c/cec089f1ff/public_html/vendor/codeigniter4/framework/system/Database/BaseConnection.php(648): CodeIgniter\Database\BaseConnection->simpleQuery('INSERT INTO `re...')
#3 /home/sites/38a/c/cec089f1ff/public_html/vendor/codeigniter4/framework/system/Database/BaseBuilder.php(2340): CodeIgniter\Database\BaseConnection->query('INSERT INTO `re...', Array, false)
#4 /home/sites/38a/c/cec089f1ff/public_html/app/Controllers/WMS/NJ/Thornton/ReceivingUnits.php(28): CodeIgniter\Database\BaseBuilder->insert(Array)
#5 /home/sites/38a/c/cec089f1ff/public_html/vendor/codeigniter4/framework/system/CodeIgniter.php(933): App\Controllers\WMS\NJ\Thornton\ReceivingUnits->createUnits()
#6 /home/sites/38a/c/cec089f1ff/public_html/vendor/codeigniter4/framework/system/CodeIgniter.php(509): CodeIgniter\CodeIgniter->runController(Object(App\Controllers\WMS\NJ\Thornton\ReceivingUnits))
#7 /home/sites/38a/c/cec089f1ff/public_html/vendor/codeigniter4/framework/system/CodeIgniter.php(355): CodeIgniter\CodeIgniter->handleRequest(NULL, Object(Config\Cache), false)
#8 /home/sites/38a/c/cec089f1ff/public_html/vendor/codeigniter4/framework/system/Boot.php(325): CodeIgniter\CodeIgniter->run()
#9 /home/sites/38a/c/cec089f1ff/public_html/vendor/codeigniter4/framework/system/Boot.php(67): CodeIgniter\Boot::runCodeIgniter(Object(CodeIgniter\CodeIgniter))
#10 /home/sites/38a/c/cec089f1ff/public_html/public/index.php(36): CodeIgniter\Boot::bootWeb(Object(Config\Paths))
#11 {main}
ERROR - 2024-11-05 10:12:12 --> mysqli_sql_exception: Column 'po_no' cannot be null in /home/sites/38a/c/cec089f1ff/public_html/vendor/codeigniter4/framework/system/Database/MySQLi/Connection.php:312
Stack trace:
#0 /home/sites/38a/c/cec089f1ff/public_html/vendor/codeigniter4/framework/system/Database/MySQLi/Connection.php(312): mysqli->query('INSERT INTO `re...', 0)
#1 /home/sites/38a/c/cec089f1ff/public_html/vendor/codeigniter4/framework/system/Database/BaseConnection.php(734): CodeIgniter\Database\MySQLi\Connection->execute('INSERT INTO `re...')
#2 /home/sites/38a/c/cec089f1ff/public_html/vendor/codeigniter4/framework/system/Database/BaseConnection.php(648): CodeIgniter\Database\BaseConnection->simpleQuery('INSERT INTO `re...')
#3 /home/sites/38a/c/cec089f1ff/public_html/vendor/codeigniter4/framework/system/Database/BaseBuilder.php(2340): CodeIgniter\Database\BaseConnection->query('INSERT INTO `re...', Array, false)
#4 /home/sites/38a/c/cec089f1ff/public_html/app/Controllers/WMS/NJ/Thornton/ReceivingUnits.php(28): CodeIgniter\Database\BaseBuilder->insert(Array)
#5 /home/sites/38a/c/cec089f1ff/public_html/vendor/codeigniter4/framework/system/CodeIgniter.php(933): App\Controllers\WMS\NJ\Thornton\ReceivingUnits->createUnits()
#6 /home/sites/38a/c/cec089f1ff/public_html/vendor/codeigniter4/framework/system/CodeIgniter.php(509): CodeIgniter\CodeIgniter->runController(Object(App\Controllers\WMS\NJ\Thornton\ReceivingUnits))
#7 /home/sites/38a/c/cec089f1ff/public_html/vendor/codeigniter4/framework/system/CodeIgniter.php(355): CodeIgniter\CodeIgniter->handleRequest(NULL, Object(Config\Cache), false)
#8 /home/sites/38a/c/cec089f1ff/public_html/vendor/codeigniter4/framework/system/Boot.php(325): CodeIgniter\CodeIgniter->run()
#9 /home/sites/38a/c/cec089f1ff/public_html/vendor/codeigniter4/framework/system/Boot.php(67): CodeIgniter\Boot::runCodeIgniter(Object(CodeIgniter\CodeIgniter))
#10 /home/sites/38a/c/cec089f1ff/public_html/public/index.php(36): CodeIgniter\Boot::bootWeb(Object(Config\Paths))
#11 {main}
ERROR - 2024-11-05 10:12:12 --> mysqli_sql_exception: Column 'po_no' cannot be null in /home/sites/38a/c/cec089f1ff/public_html/vendor/codeigniter4/framework/system/Database/MySQLi/Connection.php:312
Stack trace:
#0 /home/sites/38a/c/cec089f1ff/public_html/vendor/codeigniter4/framework/system/Database/MySQLi/Connection.php(312): mysqli->query('INSERT INTO `re...', 0)
#1 /home/sites/38a/c/cec089f1ff/public_html/vendor/codeigniter4/framework/system/Database/BaseConnection.php(734): CodeIgniter\Database\MySQLi\Connection->execute('INSERT INTO `re...')
#2 /home/sites/38a/c/cec089f1ff/public_html/vendor/codeigniter4/framework/system/Database/BaseConnection.php(648): CodeIgniter\Database\BaseConnection->simpleQuery('INSERT INTO `re...')
#3 /home/sites/38a/c/cec089f1ff/public_html/vendor/codeigniter4/framework/system/Database/BaseBuilder.php(2340): CodeIgniter\Database\BaseConnection->query('INSERT INTO `re...', Array, false)
#4 /home/sites/38a/c/cec089f1ff/public_html/app/Controllers/WMS/NJ/Thornton/ReceivingUnits.php(28): CodeIgniter\Database\BaseBuilder->insert(Array)
#5 /home/sites/38a/c/cec089f1ff/public_html/vendor/codeigniter4/framework/system/CodeIgniter.php(933): App\Controllers\WMS\NJ\Thornton\ReceivingUnits->createUnits()
#6 /home/sites/38a/c/cec089f1ff/public_html/vendor/codeigniter4/framework/system/CodeIgniter.php(509): CodeIgniter\CodeIgniter->runController(Object(App\Controllers\WMS\NJ\Thornton\ReceivingUnits))
#7 /home/sites/38a/c/cec089f1ff/public_html/vendor/codeigniter4/framework/system/CodeIgniter.php(355): CodeIgniter\CodeIgniter->handleRequest(NULL, Object(Config\Cache), false)
#8 /home/sites/38a/c/cec089f1ff/public_html/vendor/codeigniter4/framework/system/Boot.php(325): CodeIgniter\CodeIgniter->run()
#9 /home/sites/38a/c/cec089f1ff/public_html/vendor/codeigniter4/framework/system/Boot.php(67): CodeIgniter\Boot::runCodeIgniter(Object(CodeIgniter\CodeIgniter))
#10 /home/sites/38a/c/cec089f1ff/public_html/public/index.php(36): CodeIgniter\Boot::bootWeb(Object(Config\Paths))
#11 {main}
ERROR - 2024-11-05 10:12:12 --> mysqli_sql_exception: Column 'po_no' cannot be null in /home/sites/38a/c/cec089f1ff/public_html/vendor/codeigniter4/framework/system/Database/MySQLi/Connection.php:312
Stack trace:
#0 /home/sites/38a/c/cec089f1ff/public_html/vendor/codeigniter4/framework/system/Database/MySQLi/Connection.php(312): mysqli->query('INSERT INTO `re...', 0)
#1 /home/sites/38a/c/cec089f1ff/public_html/vendor/codeigniter4/framework/system/Database/BaseConnection.php(734): CodeIgniter\Database\MySQLi\Connection->execute('INSERT INTO `re...')
#2 /home/sites/38a/c/cec089f1ff/public_html/vendor/codeigniter4/framework/system/Database/BaseConnection.php(648): CodeIgniter\Database\BaseConnection->simpleQuery('INSERT INTO `re...')
#3 /home/sites/38a/c/cec089f1ff/public_html/vendor/codeigniter4/framework/system/Database/BaseBuilder.php(2340): CodeIgniter\Database\BaseConnection->query('INSERT INTO `re...', Array, false)
#4 /home/sites/38a/c/cec089f1ff/public_html/app/Controllers/WMS/NJ/Thornton/ReceivingUnits.php(28): CodeIgniter\Database\BaseBuilder->insert(Array)
#5 /home/sites/38a/c/cec089f1ff/public_html/vendor/codeigniter4/framework/system/CodeIgniter.php(933): App\Controllers\WMS\NJ\Thornton\ReceivingUnits->createUnits()
#6 /home/sites/38a/c/cec089f1ff/public_html/vendor/codeigniter4/framework/system/CodeIgniter.php(509): CodeIgniter\CodeIgniter->runController(Object(App\Controllers\WMS\NJ\Thornton\ReceivingUnits))
#7 /home/sites/38a/c/cec089f1ff/public_html/vendor/codeigniter4/framework/system/CodeIgniter.php(355): CodeIgniter\CodeIgniter->handleRequest(NULL, Object(Config\Cache), false)
#8 /home/sites/38a/c/cec089f1ff/public_html/vendor/codeigniter4/framework/system/Boot.php(325): CodeIgniter\CodeIgniter->run()
#9 /home/sites/38a/c/cec089f1ff/public_html/vendor/codeigniter4/framework/system/Boot.php(67): CodeIgniter\Boot::runCodeIgniter(Object(CodeIgniter\CodeIgniter))
#10 /home/sites/38a/c/cec089f1ff/public_html/public/index.php(36): CodeIgniter\Boot::bootWeb(Object(Config\Paths))
#11 {main}
ERROR - 2024-11-05 10:12:12 --> mysqli_sql_exception: Column 'po_no' cannot be null in /home/sites/38a/c/cec089f1ff/public_html/vendor/codeigniter4/framework/system/Database/MySQLi/Connection.php:312
Stack trace:
#0 /home/sites/38a/c/cec089f1ff/public_html/vendor/codeigniter4/framework/system/Database/MySQLi/Connection.php(312): mysqli->query('INSERT INTO `re...', 0)
#1 /home/sites/38a/c/cec089f1ff/public_html/vendor/codeigniter4/framework/system/Database/BaseConnection.php(734): CodeIgniter\Database\MySQLi\Connection->execute('INSERT INTO `re...')
#2 /home/sites/38a/c/cec089f1ff/public_html/vendor/codeigniter4/framework/system/Database/BaseConnection.php(648): CodeIgniter\Database\BaseConnection->simpleQuery('INSERT INTO `re...')
#3 /home/sites/38a/c/cec089f1ff/public_html/vendor/codeigniter4/framework/system/Database/BaseBuilder.php(2340): CodeIgniter\Database\BaseConnection->query('INSERT INTO `re...', Array, false)
#4 /home/sites/38a/c/cec089f1ff/public_html/app/Controllers/WMS/NJ/Thornton/ReceivingUnits.php(28): CodeIgniter\Database\BaseBuilder->insert(Array)
#5 /home/sites/38a/c/cec089f1ff/public_html/vendor/codeigniter4/framework/system/CodeIgniter.php(933): App\Controllers\WMS\NJ\Thornton\ReceivingUnits->createUnits()
#6 /home/sites/38a/c/cec089f1ff/public_html/vendor/codeigniter4/framework/system/CodeIgniter.php(509): CodeIgniter\CodeIgniter->runController(Object(App\Controllers\WMS\NJ\Thornton\ReceivingUnits))
#7 /home/sites/38a/c/cec089f1ff/public_html/vendor/codeigniter4/framework/system/CodeIgniter.php(355): CodeIgniter\CodeIgniter->handleRequest(NULL, Object(Config\Cache), false)
#8 /home/sites/38a/c/cec089f1ff/public_html/vendor/codeigniter4/framework/system/Boot.php(325): CodeIgniter\CodeIgniter->run()
#9 /home/sites/38a/c/cec089f1ff/public_html/vendor/codeigniter4/framework/system/Boot.php(67): CodeIgniter\Boot::runCodeIgniter(Object(CodeIgniter\CodeIgniter))
#10 /home/sites/38a/c/cec089f1ff/public_html/public/index.php(36): CodeIgniter\Boot::bootWeb(Object(Config\Paths))
#11 {main}
CRITICAL - 2024-11-05 13:03:31 --> ErrorException: Undefined variable $items
[Method: POST, Route: wms/nj/delivery/items]
in APPPATH/Controllers/WMS/NJ/DeliveryItems.php on line 34.
 1 APPPATH/Controllers/WMS/NJ/DeliveryItems.php(34): CodeIgniter\Debug\Exceptions->errorHandler(2, 'Undefined variable $items', '/home/sites/38a/c/cec089f1ff/public_html/app/Controllers/WMS/NJ/DeliveryItems.php', 34)
 2 SYSTEMPATH/CodeIgniter.php(933): App\Controllers\WMS\NJ\DeliveryItems->index()
 3 SYSTEMPATH/CodeIgniter.php(509): CodeIgniter\CodeIgniter->runController(Object(App\Controllers\WMS\NJ\DeliveryItems))
 4 SYSTEMPATH/CodeIgniter.php(355): CodeIgniter\CodeIgniter->handleRequest(null, Object(Config\Cache), false)
 5 SYSTEMPATH/Boot.php(325): CodeIgniter\CodeIgniter->run()
 6 SYSTEMPATH/Boot.php(67): CodeIgniter\Boot::runCodeIgniter(Object(CodeIgniter\CodeIgniter))
 7 FCPATH/index.php(36): CodeIgniter\Boot::bootWeb(Object(Config\Paths))
CRITICAL - 2024-11-05 13:03:33 --> ErrorException: Undefined variable $items
[Method: POST, Route: wms/nj/delivery/items]
in APPPATH/Controllers/WMS/NJ/DeliveryItems.php on line 34.
 1 APPPATH/Controllers/WMS/NJ/DeliveryItems.php(34): CodeIgniter\Debug\Exceptions->errorHandler(2, 'Undefined variable $items', '/home/sites/38a/c/cec089f1ff/public_html/app/Controllers/WMS/NJ/DeliveryItems.php', 34)
 2 SYSTEMPATH/CodeIgniter.php(933): App\Controllers\WMS\NJ\DeliveryItems->index()
 3 SYSTEMPATH/CodeIgniter.php(509): CodeIgniter\CodeIgniter->runController(Object(App\Controllers\WMS\NJ\DeliveryItems))
 4 SYSTEMPATH/CodeIgniter.php(355): CodeIgniter\CodeIgniter->handleRequest(null, Object(Config\Cache), false)
 5 SYSTEMPATH/Boot.php(325): CodeIgniter\CodeIgniter->run()
 6 SYSTEMPATH/Boot.php(67): CodeIgniter\Boot::runCodeIgniter(Object(CodeIgniter\CodeIgniter))
 7 FCPATH/index.php(36): CodeIgniter\Boot::bootWeb(Object(Config\Paths))
CRITICAL - 2024-11-05 13:05:13 --> ErrorException: Undefined variable $items
[Method: POST, Route: wms/nj/delivery/items]
in APPPATH/Controllers/WMS/NJ/DeliveryItems.php on line 34.
 1 APPPATH/Controllers/WMS/NJ/DeliveryItems.php(34): CodeIgniter\Debug\Exceptions->errorHandler(2, 'Undefined variable $items', '/home/sites/38a/c/cec089f1ff/public_html/app/Controllers/WMS/NJ/DeliveryItems.php', 34)
 2 SYSTEMPATH/CodeIgniter.php(933): App\Controllers\WMS\NJ\DeliveryItems->index()
 3 SYSTEMPATH/CodeIgniter.php(509): CodeIgniter\CodeIgniter->runController(Object(App\Controllers\WMS\NJ\DeliveryItems))
 4 SYSTEMPATH/CodeIgniter.php(355): CodeIgniter\CodeIgniter->handleRequest(null, Object(Config\Cache), false)
 5 SYSTEMPATH/Boot.php(325): CodeIgniter\CodeIgniter->run()
 6 SYSTEMPATH/Boot.php(67): CodeIgniter\Boot::runCodeIgniter(Object(CodeIgniter\CodeIgniter))
 7 FCPATH/index.php(36): CodeIgniter\Boot::bootWeb(Object(Config\Paths))
CRITICAL - 2024-11-05 13:05:19 --> ErrorException: Undefined variable $items
[Method: POST, Route: wms/nj/delivery/items]
in APPPATH/Controllers/WMS/NJ/DeliveryItems.php on line 34.
 1 APPPATH/Controllers/WMS/NJ/DeliveryItems.php(34): CodeIgniter\Debug\Exceptions->errorHandler(2, 'Undefined variable $items', '/home/sites/38a/c/cec089f1ff/public_html/app/Controllers/WMS/NJ/DeliveryItems.php', 34)
 2 SYSTEMPATH/CodeIgniter.php(933): App\Controllers\WMS\NJ\DeliveryItems->index()
 3 SYSTEMPATH/CodeIgniter.php(509): CodeIgniter\CodeIgniter->runController(Object(App\Controllers\WMS\NJ\DeliveryItems))
 4 SYSTEMPATH/CodeIgniter.php(355): CodeIgniter\CodeIgniter->handleRequest(null, Object(Config\Cache), false)
 5 SYSTEMPATH/Boot.php(325): CodeIgniter\CodeIgniter->run()
 6 SYSTEMPATH/Boot.php(67): CodeIgniter\Boot::runCodeIgniter(Object(CodeIgniter\CodeIgniter))
 7 FCPATH/index.php(36): CodeIgniter\Boot::bootWeb(Object(Config\Paths))
CRITICAL - 2024-11-05 13:05:53 --> ErrorException: Undefined variable $items
[Method: POST, Route: wms/nj/delivery/items]
in APPPATH/Controllers/WMS/NJ/DeliveryItems.php on line 34.
 1 APPPATH/Controllers/WMS/NJ/DeliveryItems.php(34): CodeIgniter\Debug\Exceptions->errorHandler(2, 'Undefined variable $items', '/home/sites/38a/c/cec089f1ff/public_html/app/Controllers/WMS/NJ/DeliveryItems.php', 34)
 2 SYSTEMPATH/CodeIgniter.php(933): App\Controllers\WMS\NJ\DeliveryItems->index()
 3 SYSTEMPATH/CodeIgniter.php(509): CodeIgniter\CodeIgniter->runController(Object(App\Controllers\WMS\NJ\DeliveryItems))
 4 SYSTEMPATH/CodeIgniter.php(355): CodeIgniter\CodeIgniter->handleRequest(null, Object(Config\Cache), false)
 5 SYSTEMPATH/Boot.php(325): CodeIgniter\CodeIgniter->run()
 6 SYSTEMPATH/Boot.php(67): CodeIgniter\Boot::runCodeIgniter(Object(CodeIgniter\CodeIgniter))
 7 FCPATH/index.php(36): CodeIgniter\Boot::bootWeb(Object(Config\Paths))
CRITICAL - 2024-11-05 13:05:55 --> ErrorException: Undefined variable $items
[Method: POST, Route: wms/nj/delivery/items]
in APPPATH/Controllers/WMS/NJ/DeliveryItems.php on line 34.
 1 APPPATH/Controllers/WMS/NJ/DeliveryItems.php(34): CodeIgniter\Debug\Exceptions->errorHandler(2, 'Undefined variable $items', '/home/sites/38a/c/cec089f1ff/public_html/app/Controllers/WMS/NJ/DeliveryItems.php', 34)
 2 SYSTEMPATH/CodeIgniter.php(933): App\Controllers\WMS\NJ\DeliveryItems->index()
 3 SYSTEMPATH/CodeIgniter.php(509): CodeIgniter\CodeIgniter->runController(Object(App\Controllers\WMS\NJ\DeliveryItems))
 4 SYSTEMPATH/CodeIgniter.php(355): CodeIgniter\CodeIgniter->handleRequest(null, Object(Config\Cache), false)
 5 SYSTEMPATH/Boot.php(325): CodeIgniter\CodeIgniter->run()
 6 SYSTEMPATH/Boot.php(67): CodeIgniter\Boot::runCodeIgniter(Object(CodeIgniter\CodeIgniter))
 7 FCPATH/index.php(36): CodeIgniter\Boot::bootWeb(Object(Config\Paths))
CRITICAL - 2024-11-05 13:06:16 --> ErrorException: Undefined variable $items
[Method: POST, Route: wms/nj/delivery/items]
in APPPATH/Controllers/WMS/NJ/DeliveryItems.php on line 34.
 1 APPPATH/Controllers/WMS/NJ/DeliveryItems.php(34): CodeIgniter\Debug\Exceptions->errorHandler(2, 'Undefined variable $items', '/home/sites/38a/c/cec089f1ff/public_html/app/Controllers/WMS/NJ/DeliveryItems.php', 34)
 2 SYSTEMPATH/CodeIgniter.php(933): App\Controllers\WMS\NJ\DeliveryItems->index()
 3 SYSTEMPATH/CodeIgniter.php(509): CodeIgniter\CodeIgniter->runController(Object(App\Controllers\WMS\NJ\DeliveryItems))
 4 SYSTEMPATH/CodeIgniter.php(355): CodeIgniter\CodeIgniter->handleRequest(null, Object(Config\Cache), false)
 5 SYSTEMPATH/Boot.php(325): CodeIgniter\CodeIgniter->run()
 6 SYSTEMPATH/Boot.php(67): CodeIgniter\Boot::runCodeIgniter(Object(CodeIgniter\CodeIgniter))
 7 FCPATH/index.php(36): CodeIgniter\Boot::bootWeb(Object(Config\Paths))
CRITICAL - 2024-11-05 13:07:45 --> ErrorException: Undefined variable $items
[Method: POST, Route: wms/nj/delivery/items]
in APPPATH/Controllers/WMS/NJ/DeliveryItems.php on line 34.
 1 APPPATH/Controllers/WMS/NJ/DeliveryItems.php(34): CodeIgniter\Debug\Exceptions->errorHandler(2, 'Undefined variable $items', '/home/sites/38a/c/cec089f1ff/public_html/app/Controllers/WMS/NJ/DeliveryItems.php', 34)
 2 SYSTEMPATH/CodeIgniter.php(933): App\Controllers\WMS\NJ\DeliveryItems->index()
 3 SYSTEMPATH/CodeIgniter.php(509): CodeIgniter\CodeIgniter->runController(Object(App\Controllers\WMS\NJ\DeliveryItems))
 4 SYSTEMPATH/CodeIgniter.php(355): CodeIgniter\CodeIgniter->handleRequest(null, Object(Config\Cache), false)
 5 SYSTEMPATH/Boot.php(325): CodeIgniter\CodeIgniter->run()
 6 SYSTEMPATH/Boot.php(67): CodeIgniter\Boot::runCodeIgniter(Object(CodeIgniter\CodeIgniter))
 7 FCPATH/index.php(36): CodeIgniter\Boot::bootWeb(Object(Config\Paths))
CRITICAL - 2024-11-05 13:14:04 --> ErrorException: Undefined variable $items
[Method: POST, Route: wms/nj/delivery/items]
in APPPATH/Controllers/WMS/NJ/DeliveryItems.php on line 34.
 1 APPPATH/Controllers/WMS/NJ/DeliveryItems.php(34): CodeIgniter\Debug\Exceptions->errorHandler(2, 'Undefined variable $items', '/home/sites/38a/c/cec089f1ff/public_html/app/Controllers/WMS/NJ/DeliveryItems.php', 34)
 2 SYSTEMPATH/CodeIgniter.php(933): App\Controllers\WMS\NJ\DeliveryItems->index()
 3 SYSTEMPATH/CodeIgniter.php(509): CodeIgniter\CodeIgniter->runController(Object(App\Controllers\WMS\NJ\DeliveryItems))
 4 SYSTEMPATH/CodeIgniter.php(355): CodeIgniter\CodeIgniter->handleRequest(null, Object(Config\Cache), false)
 5 SYSTEMPATH/Boot.php(325): CodeIgniter\CodeIgniter->run()
 6 SYSTEMPATH/Boot.php(67): CodeIgniter\Boot::runCodeIgniter(Object(CodeIgniter\CodeIgniter))
 7 FCPATH/index.php(36): CodeIgniter\Boot::bootWeb(Object(Config\Paths))
CRITICAL - 2024-11-05 13:14:34 --> ErrorException: Undefined variable $items
[Method: POST, Route: wms/nj/delivery/items]
in APPPATH/Controllers/WMS/NJ/DeliveryItems.php on line 34.
 1 APPPATH/Controllers/WMS/NJ/DeliveryItems.php(34): CodeIgniter\Debug\Exceptions->errorHandler(2, 'Undefined variable $items', '/home/sites/38a/c/cec089f1ff/public_html/app/Controllers/WMS/NJ/DeliveryItems.php', 34)
 2 SYSTEMPATH/CodeIgniter.php(933): App\Controllers\WMS\NJ\DeliveryItems->index()
 3 SYSTEMPATH/CodeIgniter.php(509): CodeIgniter\CodeIgniter->runController(Object(App\Controllers\WMS\NJ\DeliveryItems))
 4 SYSTEMPATH/CodeIgniter.php(355): CodeIgniter\CodeIgniter->handleRequest(null, Object(Config\Cache), false)
 5 SYSTEMPATH/Boot.php(325): CodeIgniter\CodeIgniter->run()
 6 SYSTEMPATH/Boot.php(67): CodeIgniter\Boot::runCodeIgniter(Object(CodeIgniter\CodeIgniter))
 7 FCPATH/index.php(36): CodeIgniter\Boot::bootWeb(Object(Config\Paths))
CRITICAL - 2024-11-05 13:18:52 --> ErrorException: Undefined variable $items
[Method: POST, Route: wms/nj/delivery/items]
in APPPATH/Controllers/WMS/NJ/DeliveryItems.php on line 34.
 1 APPPATH/Controllers/WMS/NJ/DeliveryItems.php(34): CodeIgniter\Debug\Exceptions->errorHandler(2, 'Undefined variable $items', '/home/sites/38a/c/cec089f1ff/public_html/app/Controllers/WMS/NJ/DeliveryItems.php', 34)
 2 SYSTEMPATH/CodeIgniter.php(933): App\Controllers\WMS\NJ\DeliveryItems->index()
 3 SYSTEMPATH/CodeIgniter.php(509): CodeIgniter\CodeIgniter->runController(Object(App\Controllers\WMS\NJ\DeliveryItems))
 4 SYSTEMPATH/CodeIgniter.php(355): CodeIgniter\CodeIgniter->handleRequest(null, Object(Config\Cache), false)
 5 SYSTEMPATH/Boot.php(325): CodeIgniter\CodeIgniter->run()
 6 SYSTEMPATH/Boot.php(67): CodeIgniter\Boot::runCodeIgniter(Object(CodeIgniter\CodeIgniter))
 7 FCPATH/index.php(36): CodeIgniter\Boot::bootWeb(Object(Config\Paths))
CRITICAL - 2024-11-05 13:18:54 --> ErrorException: Undefined variable $items
[Method: POST, Route: wms/nj/delivery/items]
in APPPATH/Controllers/WMS/NJ/DeliveryItems.php on line 34.
 1 APPPATH/Controllers/WMS/NJ/DeliveryItems.php(34): CodeIgniter\Debug\Exceptions->errorHandler(2, 'Undefined variable $items', '/home/sites/38a/c/cec089f1ff/public_html/app/Controllers/WMS/NJ/DeliveryItems.php', 34)
 2 SYSTEMPATH/CodeIgniter.php(933): App\Controllers\WMS\NJ\DeliveryItems->index()
 3 SYSTEMPATH/CodeIgniter.php(509): CodeIgniter\CodeIgniter->runController(Object(App\Controllers\WMS\NJ\DeliveryItems))
 4 SYSTEMPATH/CodeIgniter.php(355): CodeIgniter\CodeIgniter->handleRequest(null, Object(Config\Cache), false)
 5 SYSTEMPATH/Boot.php(325): CodeIgniter\CodeIgniter->run()
 6 SYSTEMPATH/Boot.php(67): CodeIgniter\Boot::runCodeIgniter(Object(CodeIgniter\CodeIgniter))
 7 FCPATH/index.php(36): CodeIgniter\Boot::bootWeb(Object(Config\Paths))
CRITICAL - 2024-11-05 13:21:17 --> ErrorException: Undefined variable $items
[Method: POST, Route: wms/nj/delivery/items]
in APPPATH/Controllers/WMS/NJ/DeliveryItems.php on line 34.
 1 APPPATH/Controllers/WMS/NJ/DeliveryItems.php(34): CodeIgniter\Debug\Exceptions->errorHandler(2, 'Undefined variable $items', '/home/sites/38a/c/cec089f1ff/public_html/app/Controllers/WMS/NJ/DeliveryItems.php', 34)
 2 SYSTEMPATH/CodeIgniter.php(933): App\Controllers\WMS\NJ\DeliveryItems->index()
 3 SYSTEMPATH/CodeIgniter.php(509): CodeIgniter\CodeIgniter->runController(Object(App\Controllers\WMS\NJ\DeliveryItems))
 4 SYSTEMPATH/CodeIgniter.php(355): CodeIgniter\CodeIgniter->handleRequest(null, Object(Config\Cache), false)
 5 SYSTEMPATH/Boot.php(325): CodeIgniter\CodeIgniter->run()
 6 SYSTEMPATH/Boot.php(67): CodeIgniter\Boot::runCodeIgniter(Object(CodeIgniter\CodeIgniter))
 7 FCPATH/index.php(36): CodeIgniter\Boot::bootWeb(Object(Config\Paths))
CRITICAL - 2024-11-05 13:21:59 --> ErrorException: Undefined variable $items
[Method: POST, Route: wms/nj/delivery/items]
in APPPATH/Controllers/WMS/NJ/DeliveryItems.php on line 34.
 1 APPPATH/Controllers/WMS/NJ/DeliveryItems.php(34): CodeIgniter\Debug\Exceptions->errorHandler(2, 'Undefined variable $items', '/home/sites/38a/c/cec089f1ff/public_html/app/Controllers/WMS/NJ/DeliveryItems.php', 34)
 2 SYSTEMPATH/CodeIgniter.php(933): App\Controllers\WMS\NJ\DeliveryItems->index()
 3 SYSTEMPATH/CodeIgniter.php(509): CodeIgniter\CodeIgniter->runController(Object(App\Controllers\WMS\NJ\DeliveryItems))
 4 SYSTEMPATH/CodeIgniter.php(355): CodeIgniter\CodeIgniter->handleRequest(null, Object(Config\Cache), false)
 5 SYSTEMPATH/Boot.php(325): CodeIgniter\CodeIgniter->run()
 6 SYSTEMPATH/Boot.php(67): CodeIgniter\Boot::runCodeIgniter(Object(CodeIgniter\CodeIgniter))
 7 FCPATH/index.php(36): CodeIgniter\Boot::bootWeb(Object(Config\Paths))
CRITICAL - 2024-11-05 13:22:01 --> ErrorException: Undefined variable $items
[Method: POST, Route: wms/nj/delivery/items]
in APPPATH/Controllers/WMS/NJ/DeliveryItems.php on line 34.
 1 APPPATH/Controllers/WMS/NJ/DeliveryItems.php(34): CodeIgniter\Debug\Exceptions->errorHandler(2, 'Undefined variable $items', '/home/sites/38a/c/cec089f1ff/public_html/app/Controllers/WMS/NJ/DeliveryItems.php', 34)
 2 SYSTEMPATH/CodeIgniter.php(933): App\Controllers\WMS\NJ\DeliveryItems->index()
 3 SYSTEMPATH/CodeIgniter.php(509): CodeIgniter\CodeIgniter->runController(Object(App\Controllers\WMS\NJ\DeliveryItems))
 4 SYSTEMPATH/CodeIgniter.php(355): CodeIgniter\CodeIgniter->handleRequest(null, Object(Config\Cache), false)
 5 SYSTEMPATH/Boot.php(325): CodeIgniter\CodeIgniter->run()
 6 SYSTEMPATH/Boot.php(67): CodeIgniter\Boot::runCodeIgniter(Object(CodeIgniter\CodeIgniter))
 7 FCPATH/index.php(36): CodeIgniter\Boot::bootWeb(Object(Config\Paths))
CRITICAL - 2024-11-05 13:28:19 --> ErrorException: Undefined variable $items
[Method: POST, Route: wms/nj/delivery/items]
in APPPATH/Controllers/WMS/NJ/DeliveryItems.php on line 34.
 1 APPPATH/Controllers/WMS/NJ/DeliveryItems.php(34): CodeIgniter\Debug\Exceptions->errorHandler(2, 'Undefined variable $items', '/home/sites/38a/c/cec089f1ff/public_html/app/Controllers/WMS/NJ/DeliveryItems.php', 34)
 2 SYSTEMPATH/CodeIgniter.php(933): App\Controllers\WMS\NJ\DeliveryItems->index()
 3 SYSTEMPATH/CodeIgniter.php(509): CodeIgniter\CodeIgniter->runController(Object(App\Controllers\WMS\NJ\DeliveryItems))
 4 SYSTEMPATH/CodeIgniter.php(355): CodeIgniter\CodeIgniter->handleRequest(null, Object(Config\Cache), false)
 5 SYSTEMPATH/Boot.php(325): CodeIgniter\CodeIgniter->run()
 6 SYSTEMPATH/Boot.php(67): CodeIgniter\Boot::runCodeIgniter(Object(CodeIgniter\CodeIgniter))
 7 FCPATH/index.php(36): CodeIgniter\Boot::bootWeb(Object(Config\Paths))
CRITICAL - 2024-11-05 16:30:12 --> ErrorException: Declaration of PhpOffice\PhpSpreadsheet\Reader\IReadFilter@anonymous::readCell($column, $row, $worksheetName = '') must be compatible with PhpOffice\PhpSpreadsheet\Reader\IReadFilter::readCell(string $columnAddress, int $row, string $worksheetName = ''): bool
[Method: CLI, Route: cronjob:run]
in APPPATH/Controllers/CronJobs/PoStock.php on line 38.
 1 [internal function]: CodeIgniter\Debug\Exceptions->shutdownHandler()
