CRITICAL - 2024-10-31 06:01:17 --> ParseError: syntax error, unexpected token "\", expecting "{"
[Method: GET, Route: wms/nj/muller/receiving]
in APPPATH/Controllers/WMS/NJ/Muller/Receiving.php on line 2.
 1 VENDORPATH/composer/ClassLoader.php(428): Composer\Autoload\includeFile('/home/sites/38a/c/cec089f1ff/public_html/vendor/composer/../../app/Controllers/WMS/NJ/Muller/Receiving.php')
 2 [internal function]: Composer\Autoload\ClassLoader->loadClass('App\\Controllers\\WMS\\NJ\\Muller\\Receiving')
 3 SYSTEMPATH/CodeIgniter.php(887): class_exists('\\App\\Controllers\\WMS\\NJ\\Muller\\Receiving', true)
 4 SYSTEMPATH/CodeIgniter.php(496): CodeIgniter\CodeIgniter->startController()
 5 SYSTEMPATH/CodeIgniter.php(355): CodeIgniter\CodeIgniter->handleRequest(null, Object(Config\Cache), false)
 6 SYSTEMPATH/Boot.php(325): CodeIgniter\CodeIgniter->run()
 7 SYSTEMPATH/Boot.php(67): CodeIgniter\Boot::runCodeIgniter(Object(CodeIgniter\CodeIgniter))
 8 FCPATH/index.php(36): CodeIgniter\Boot::bootWeb(Object(Config\Paths))
CRITICAL - 2024-10-31 06:03:25 --> ParseError: syntax error, unexpected token "\", expecting "{"
[Method: GET, Route: wms/nj/muller/receiving]
in APPPATH/Controllers/WMS/NJ/Muller/Receiving.php on line 2.
 1 VENDORPATH/composer/ClassLoader.php(428): Composer\Autoload\includeFile('/home/sites/38a/c/cec089f1ff/public_html/vendor/composer/../../app/Controllers/WMS/NJ/Muller/Receiving.php')
 2 [internal function]: Composer\Autoload\ClassLoader->loadClass('App\\Controllers\\WMS\\NJ\\Muller\\Receiving')
 3 SYSTEMPATH/CodeIgniter.php(887): class_exists('\\App\\Controllers\\WMS\\NJ\\Muller\\Receiving', true)
 4 SYSTEMPATH/CodeIgniter.php(496): CodeIgniter\CodeIgniter->startController()
 5 SYSTEMPATH/CodeIgniter.php(355): CodeIgniter\CodeIgniter->handleRequest(null, Object(Config\Cache), false)
 6 SYSTEMPATH/Boot.php(325): CodeIgniter\CodeIgniter->run()
 7 SYSTEMPATH/Boot.php(67): CodeIgniter\Boot::runCodeIgniter(Object(CodeIgniter\CodeIgniter))
 8 FCPATH/index.php(36): CodeIgniter\Boot::bootWeb(Object(Config\Paths))
CRITICAL - 2024-10-31 06:05:04 --> ErrorException: Declaration of PhpOffice\PhpSpreadsheet\Reader\IReadFilter@anonymous::readCell($column, $row, $worksheetName = '') must be compatible with PhpOffice\PhpSpreadsheet\Reader\IReadFilter::readCell(string $columnAddress, int $row, string $worksheetName = ''): bool
[Method: CLI, Route: cronjob:run]
in APPPATH/Controllers/CronJobs/PoStock.php on line 38.
 1 [internal function]: CodeIgniter\Debug\Exceptions->shutdownHandler()
CRITICAL - 2024-10-31 06:05:58 --> CodeIgniter\View\Exceptions\ViewException: Invalid file: "wms/nj/muller/receiving/index.php"
[Method: GET, Route: wms/nj/muller/receiving]
in SYSTEMPATH/Exceptions/FrameworkException.php on line 41.
 1 SYSTEMPATH/View/View.php(222): CodeIgniter\Exceptions\FrameworkException::forInvalidFile('wms/nj/muller/receiving/index.php')
 2 SYSTEMPATH/Common.php(1171): CodeIgniter\View\View->render('wms/nj/muller/receiving/index', [], true)
 3 APPPATH/Controllers/WMS/NJ/Muller/Receiving.php(17): view('wms/nj/muller/receiving/index', [...])
 4 SYSTEMPATH/CodeIgniter.php(933): App\Controllers\WMS\NJ\Muller\Receiving->index()
 5 SYSTEMPATH/CodeIgniter.php(509): CodeIgniter\CodeIgniter->runController(Object(App\Controllers\WMS\NJ\Muller\Receiving))
 6 SYSTEMPATH/CodeIgniter.php(355): CodeIgniter\CodeIgniter->handleRequest(null, Object(Config\Cache), false)
 7 SYSTEMPATH/Boot.php(325): CodeIgniter\CodeIgniter->run()
 8 SYSTEMPATH/Boot.php(67): CodeIgniter\Boot::runCodeIgniter(Object(CodeIgniter\CodeIgniter))
 9 FCPATH/index.php(36): CodeIgniter\Boot::bootWeb(Object(Config\Paths))
CRITICAL - 2024-10-31 06:15:06 --> ErrorException: Declaration of PhpOffice\PhpSpreadsheet\Reader\IReadFilter@anonymous::readCell($column, $row, $worksheetName = '') must be compatible with PhpOffice\PhpSpreadsheet\Reader\IReadFilter::readCell(string $columnAddress, int $row, string $worksheetName = ''): bool
[Method: CLI, Route: cronjob:run]
in APPPATH/Controllers/CronJobs/PoStock.php on line 38.
 1 [internal function]: CodeIgniter\Debug\Exceptions->shutdownHandler()
CRITICAL - 2024-10-31 06:25:11 --> ErrorException: Declaration of PhpOffice\PhpSpreadsheet\Reader\IReadFilter@anonymous::readCell($column, $row, $worksheetName = '') must be compatible with PhpOffice\PhpSpreadsheet\Reader\IReadFilter::readCell(string $columnAddress, int $row, string $worksheetName = ''): bool
[Method: CLI, Route: cronjob:run]
in APPPATH/Controllers/CronJobs/PoStock.php on line 38.
 1 [internal function]: CodeIgniter\Debug\Exceptions->shutdownHandler()
CRITICAL - 2024-10-31 06:33:36 --> ErrorException: Undefined variable $items
[Method: POST, Route: wms/sc/delivery/items]
in APPPATH/Controllers/WMS/SC/DeliveryItems.php on line 34.
 1 APPPATH/Controllers/WMS/SC/DeliveryItems.php(34): CodeIgniter\Debug\Exceptions->errorHandler(2, 'Undefined variable $items', '/home/sites/38a/c/cec089f1ff/public_html/app/Controllers/WMS/SC/DeliveryItems.php', 34)
 2 SYSTEMPATH/CodeIgniter.php(933): App\Controllers\WMS\SC\DeliveryItems->index()
 3 SYSTEMPATH/CodeIgniter.php(509): CodeIgniter\CodeIgniter->runController(Object(App\Controllers\WMS\SC\DeliveryItems))
 4 SYSTEMPATH/CodeIgniter.php(355): CodeIgniter\CodeIgniter->handleRequest(null, Object(Config\Cache), false)
 5 SYSTEMPATH/Boot.php(325): CodeIgniter\CodeIgniter->run()
 6 SYSTEMPATH/Boot.php(67): CodeIgniter\Boot::runCodeIgniter(Object(CodeIgniter\CodeIgniter))
 7 FCPATH/index.php(36): CodeIgniter\Boot::bootWeb(Object(Config\Paths))
CRITICAL - 2024-10-31 06:33:45 --> ErrorException: Undefined variable $items
[Method: POST, Route: wms/sc/delivery/items]
in APPPATH/Controllers/WMS/SC/DeliveryItems.php on line 34.
 1 APPPATH/Controllers/WMS/SC/DeliveryItems.php(34): CodeIgniter\Debug\Exceptions->errorHandler(2, 'Undefined variable $items', '/home/sites/38a/c/cec089f1ff/public_html/app/Controllers/WMS/SC/DeliveryItems.php', 34)
 2 SYSTEMPATH/CodeIgniter.php(933): App\Controllers\WMS\SC\DeliveryItems->index()
 3 SYSTEMPATH/CodeIgniter.php(509): CodeIgniter\CodeIgniter->runController(Object(App\Controllers\WMS\SC\DeliveryItems))
 4 SYSTEMPATH/CodeIgniter.php(355): CodeIgniter\CodeIgniter->handleRequest(null, Object(Config\Cache), false)
 5 SYSTEMPATH/Boot.php(325): CodeIgniter\CodeIgniter->run()
 6 SYSTEMPATH/Boot.php(67): CodeIgniter\Boot::runCodeIgniter(Object(CodeIgniter\CodeIgniter))
 7 FCPATH/index.php(36): CodeIgniter\Boot::bootWeb(Object(Config\Paths))
CRITICAL - 2024-10-31 06:36:36 --> ErrorException: Undefined variable $items
[Method: POST, Route: wms/sc/delivery/items]
in APPPATH/Controllers/WMS/SC/DeliveryItems.php on line 34.
 1 APPPATH/Controllers/WMS/SC/DeliveryItems.php(34): CodeIgniter\Debug\Exceptions->errorHandler(2, 'Undefined variable $items', '/home/sites/38a/c/cec089f1ff/public_html/app/Controllers/WMS/SC/DeliveryItems.php', 34)
 2 SYSTEMPATH/CodeIgniter.php(933): App\Controllers\WMS\SC\DeliveryItems->index()
 3 SYSTEMPATH/CodeIgniter.php(509): CodeIgniter\CodeIgniter->runController(Object(App\Controllers\WMS\SC\DeliveryItems))
 4 SYSTEMPATH/CodeIgniter.php(355): CodeIgniter\CodeIgniter->handleRequest(null, Object(Config\Cache), false)
 5 SYSTEMPATH/Boot.php(325): CodeIgniter\CodeIgniter->run()
 6 SYSTEMPATH/Boot.php(67): CodeIgniter\Boot::runCodeIgniter(Object(CodeIgniter\CodeIgniter))
 7 FCPATH/index.php(36): CodeIgniter\Boot::bootWeb(Object(Config\Paths))
CRITICAL - 2024-10-31 06:45:02 --> ErrorException: Undefined variable $items
[Method: POST, Route: wms/sc/delivery/items]
in APPPATH/Controllers/WMS/SC/DeliveryItems.php on line 34.
 1 APPPATH/Controllers/WMS/SC/DeliveryItems.php(34): CodeIgniter\Debug\Exceptions->errorHandler(2, 'Undefined variable $items', '/home/sites/38a/c/cec089f1ff/public_html/app/Controllers/WMS/SC/DeliveryItems.php', 34)
 2 SYSTEMPATH/CodeIgniter.php(933): App\Controllers\WMS\SC\DeliveryItems->index()
 3 SYSTEMPATH/CodeIgniter.php(509): CodeIgniter\CodeIgniter->runController(Object(App\Controllers\WMS\SC\DeliveryItems))
 4 SYSTEMPATH/CodeIgniter.php(355): CodeIgniter\CodeIgniter->handleRequest(null, Object(Config\Cache), false)
 5 SYSTEMPATH/Boot.php(325): CodeIgniter\CodeIgniter->run()
 6 SYSTEMPATH/Boot.php(67): CodeIgniter\Boot::runCodeIgniter(Object(CodeIgniter\CodeIgniter))
 7 FCPATH/index.php(36): CodeIgniter\Boot::bootWeb(Object(Config\Paths))
CRITICAL - 2024-10-31 06:50:09 --> ErrorException: include(/home/sites/38a/c/cec089f1ff/public_html/app/Views/themes/modern/template-parts/page-heading.php): Failed to open stream: No such file or directory
[Method: GET, Route: wms/nj/thornton/receiving]
in SYSTEMPATH/View/View.php on line 234.
 1 SYSTEMPATH/View/View.php(234): CodeIgniter\Debug\Exceptions->errorHandler(2, 'include(/home/sites/38a/c/cec089f1ff/public_html/app/Views/themes/modern/template-parts/page-heading.php): Failed to open stream: No such file or directory', '/home/sites/38a/c/cec089f1ff/public_html/vendor/codeigniter4/framework/system/View/View.php', 234)
 2 SYSTEMPATH/View/View.php(234): include()
 3 SYSTEMPATH/View/View.php(237): CodeIgniter\View\View->CodeIgniter\View\{closure}()
 4 SYSTEMPATH/View/View.php(487): CodeIgniter\View\View->render('App\\Views\\themes\\modern\\template-parts\\page-heading', null, true)
 5 APPPATH/Views/themes/modern/templates/portal-crud.php(6): CodeIgniter\View\View->include('App\\Views\\themes\\modern\\template-parts\\page-heading')
 6 SYSTEMPATH/View/View.php(234): include('/home/sites/38a/c/cec089f1ff/public_html/app/Views/themes/modern/templates/portal-crud.php')
 7 SYSTEMPATH/View/View.php(237): CodeIgniter\View\View->CodeIgniter\View\{closure}()
 8 SYSTEMPATH/View/View.php(250): CodeIgniter\View\View->render('themes/modern/templates/portal-crud', [], true)
 9 SYSTEMPATH/Common.php(1171): CodeIgniter\View\View->render('wms/nj/thornton/receiving/index', [], true)
10 APPPATH/Controllers/WMS/NJ/Thornton/Receiving.php(17): view('wms/nj/thornton/receiving/index', [...])
11 SYSTEMPATH/CodeIgniter.php(933): App\Controllers\WMS\NJ\Thornton\Receiving->index()
12 SYSTEMPATH/CodeIgniter.php(509): CodeIgniter\CodeIgniter->runController(Object(App\Controllers\WMS\NJ\Thornton\Receiving))
13 SYSTEMPATH/CodeIgniter.php(355): CodeIgniter\CodeIgniter->handleRequest(null, Object(Config\Cache), false)
14 SYSTEMPATH/Boot.php(325): CodeIgniter\CodeIgniter->run()
15 SYSTEMPATH/Boot.php(67): CodeIgniter\Boot::runCodeIgniter(Object(CodeIgniter\CodeIgniter))
16 FCPATH/index.php(36): CodeIgniter\Boot::bootWeb(Object(Config\Paths))
CRITICAL - 2024-10-31 07:23:42 --> ErrorException: Undefined variable $items
[Method: POST, Route: wms/sc/delivery/items]
in APPPATH/Controllers/WMS/SC/DeliveryItems.php on line 34.
 1 APPPATH/Controllers/WMS/SC/DeliveryItems.php(34): CodeIgniter\Debug\Exceptions->errorHandler(2, 'Undefined variable $items', '/home/sites/38a/c/cec089f1ff/public_html/app/Controllers/WMS/SC/DeliveryItems.php', 34)
 2 SYSTEMPATH/CodeIgniter.php(933): App\Controllers\WMS\SC\DeliveryItems->index()
 3 SYSTEMPATH/CodeIgniter.php(509): CodeIgniter\CodeIgniter->runController(Object(App\Controllers\WMS\SC\DeliveryItems))
 4 SYSTEMPATH/CodeIgniter.php(355): CodeIgniter\CodeIgniter->handleRequest(null, Object(Config\Cache), false)
 5 SYSTEMPATH/Boot.php(325): CodeIgniter\CodeIgniter->run()
 6 SYSTEMPATH/Boot.php(67): CodeIgniter\Boot::runCodeIgniter(Object(CodeIgniter\CodeIgniter))
 7 FCPATH/index.php(36): CodeIgniter\Boot::bootWeb(Object(Config\Paths))
CRITICAL - 2024-10-31 07:29:50 --> ErrorException: Undefined variable $items
[Method: POST, Route: wms/sc/delivery/items]
in APPPATH/Controllers/WMS/SC/DeliveryItems.php on line 34.
 1 APPPATH/Controllers/WMS/SC/DeliveryItems.php(34): CodeIgniter\Debug\Exceptions->errorHandler(2, 'Undefined variable $items', '/home/sites/38a/c/cec089f1ff/public_html/app/Controllers/WMS/SC/DeliveryItems.php', 34)
 2 SYSTEMPATH/CodeIgniter.php(933): App\Controllers\WMS\SC\DeliveryItems->index()
 3 SYSTEMPATH/CodeIgniter.php(509): CodeIgniter\CodeIgniter->runController(Object(App\Controllers\WMS\SC\DeliveryItems))
 4 SYSTEMPATH/CodeIgniter.php(355): CodeIgniter\CodeIgniter->handleRequest(null, Object(Config\Cache), false)
 5 SYSTEMPATH/Boot.php(325): CodeIgniter\CodeIgniter->run()
 6 SYSTEMPATH/Boot.php(67): CodeIgniter\Boot::runCodeIgniter(Object(CodeIgniter\CodeIgniter))
 7 FCPATH/index.php(36): CodeIgniter\Boot::bootWeb(Object(Config\Paths))
CRITICAL - 2024-10-31 07:39:39 --> ErrorException: Undefined variable $items
[Method: POST, Route: wms/sc/delivery/items]
in APPPATH/Controllers/WMS/SC/DeliveryItems.php on line 34.
 1 APPPATH/Controllers/WMS/SC/DeliveryItems.php(34): CodeIgniter\Debug\Exceptions->errorHandler(2, 'Undefined variable $items', '/home/sites/38a/c/cec089f1ff/public_html/app/Controllers/WMS/SC/DeliveryItems.php', 34)
 2 SYSTEMPATH/CodeIgniter.php(933): App\Controllers\WMS\SC\DeliveryItems->index()
 3 SYSTEMPATH/CodeIgniter.php(509): CodeIgniter\CodeIgniter->runController(Object(App\Controllers\WMS\SC\DeliveryItems))
 4 SYSTEMPATH/CodeIgniter.php(355): CodeIgniter\CodeIgniter->handleRequest(null, Object(Config\Cache), false)
 5 SYSTEMPATH/Boot.php(325): CodeIgniter\CodeIgniter->run()
 6 SYSTEMPATH/Boot.php(67): CodeIgniter\Boot::runCodeIgniter(Object(CodeIgniter\CodeIgniter))
 7 FCPATH/index.php(36): CodeIgniter\Boot::bootWeb(Object(Config\Paths))
CRITICAL - 2024-10-31 07:39:54 --> ErrorException: Undefined variable $items
[Method: POST, Route: wms/sc/delivery/items]
in APPPATH/Controllers/WMS/SC/DeliveryItems.php on line 34.
 1 APPPATH/Controllers/WMS/SC/DeliveryItems.php(34): CodeIgniter\Debug\Exceptions->errorHandler(2, 'Undefined variable $items', '/home/sites/38a/c/cec089f1ff/public_html/app/Controllers/WMS/SC/DeliveryItems.php', 34)
 2 SYSTEMPATH/CodeIgniter.php(933): App\Controllers\WMS\SC\DeliveryItems->index()
 3 SYSTEMPATH/CodeIgniter.php(509): CodeIgniter\CodeIgniter->runController(Object(App\Controllers\WMS\SC\DeliveryItems))
 4 SYSTEMPATH/CodeIgniter.php(355): CodeIgniter\CodeIgniter->handleRequest(null, Object(Config\Cache), false)
 5 SYSTEMPATH/Boot.php(325): CodeIgniter\CodeIgniter->run()
 6 SYSTEMPATH/Boot.php(67): CodeIgniter\Boot::runCodeIgniter(Object(CodeIgniter\CodeIgniter))
 7 FCPATH/index.php(36): CodeIgniter\Boot::bootWeb(Object(Config\Paths))
CRITICAL - 2024-10-31 07:48:23 --> ErrorException: Undefined variable $items
[Method: POST, Route: wms/sc/delivery/items]
in APPPATH/Controllers/WMS/SC/DeliveryItems.php on line 34.
 1 APPPATH/Controllers/WMS/SC/DeliveryItems.php(34): CodeIgniter\Debug\Exceptions->errorHandler(2, 'Undefined variable $items', '/home/sites/38a/c/cec089f1ff/public_html/app/Controllers/WMS/SC/DeliveryItems.php', 34)
 2 SYSTEMPATH/CodeIgniter.php(933): App\Controllers\WMS\SC\DeliveryItems->index()
 3 SYSTEMPATH/CodeIgniter.php(509): CodeIgniter\CodeIgniter->runController(Object(App\Controllers\WMS\SC\DeliveryItems))
 4 SYSTEMPATH/CodeIgniter.php(355): CodeIgniter\CodeIgniter->handleRequest(null, Object(Config\Cache), false)
 5 SYSTEMPATH/Boot.php(325): CodeIgniter\CodeIgniter->run()
 6 SYSTEMPATH/Boot.php(67): CodeIgniter\Boot::runCodeIgniter(Object(CodeIgniter\CodeIgniter))
 7 FCPATH/index.php(36): CodeIgniter\Boot::bootWeb(Object(Config\Paths))
CRITICAL - 2024-10-31 07:49:06 --> ErrorException: Undefined variable $items
[Method: POST, Route: wms/sc/delivery/items]
in APPPATH/Controllers/WMS/SC/DeliveryItems.php on line 34.
 1 APPPATH/Controllers/WMS/SC/DeliveryItems.php(34): CodeIgniter\Debug\Exceptions->errorHandler(2, 'Undefined variable $items', '/home/sites/38a/c/cec089f1ff/public_html/app/Controllers/WMS/SC/DeliveryItems.php', 34)
 2 SYSTEMPATH/CodeIgniter.php(933): App\Controllers\WMS\SC\DeliveryItems->index()
 3 SYSTEMPATH/CodeIgniter.php(509): CodeIgniter\CodeIgniter->runController(Object(App\Controllers\WMS\SC\DeliveryItems))
 4 SYSTEMPATH/CodeIgniter.php(355): CodeIgniter\CodeIgniter->handleRequest(null, Object(Config\Cache), false)
 5 SYSTEMPATH/Boot.php(325): CodeIgniter\CodeIgniter->run()
 6 SYSTEMPATH/Boot.php(67): CodeIgniter\Boot::runCodeIgniter(Object(CodeIgniter\CodeIgniter))
 7 FCPATH/index.php(36): CodeIgniter\Boot::bootWeb(Object(Config\Paths))
CRITICAL - 2024-10-31 07:52:02 --> ErrorException: Undefined variable $items
[Method: POST, Route: wms/sc/delivery/items]
in APPPATH/Controllers/WMS/SC/DeliveryItems.php on line 34.
 1 APPPATH/Controllers/WMS/SC/DeliveryItems.php(34): CodeIgniter\Debug\Exceptions->errorHandler(2, 'Undefined variable $items', '/home/sites/38a/c/cec089f1ff/public_html/app/Controllers/WMS/SC/DeliveryItems.php', 34)
 2 SYSTEMPATH/CodeIgniter.php(933): App\Controllers\WMS\SC\DeliveryItems->index()
 3 SYSTEMPATH/CodeIgniter.php(509): CodeIgniter\CodeIgniter->runController(Object(App\Controllers\WMS\SC\DeliveryItems))
 4 SYSTEMPATH/CodeIgniter.php(355): CodeIgniter\CodeIgniter->handleRequest(null, Object(Config\Cache), false)
 5 SYSTEMPATH/Boot.php(325): CodeIgniter\CodeIgniter->run()
 6 SYSTEMPATH/Boot.php(67): CodeIgniter\Boot::runCodeIgniter(Object(CodeIgniter\CodeIgniter))
 7 FCPATH/index.php(36): CodeIgniter\Boot::bootWeb(Object(Config\Paths))
CRITICAL - 2024-10-31 08:09:17 --> ErrorException: include(components/po-items.php): Failed to open stream: No such file or directory
[Method: GET, Route: wms/sc/delivery]
in APPPATH/Views/wms/sc/delivery/index.php on line 15.
 1 APPPATH/Views/wms/sc/delivery/index.php(15): CodeIgniter\Debug\Exceptions->errorHandler(2, 'include(components/po-items.php): Failed to open stream: No such file or directory', '/home/sites/38a/c/cec089f1ff/public_html/app/Views/wms/sc/delivery/index.php', 15)
 2 APPPATH/Views/wms/sc/delivery/index.php(15): include()
 3 SYSTEMPATH/View/View.php(234): include('/home/sites/38a/c/cec089f1ff/public_html/app/Views/wms/sc/delivery/index.php')
 4 SYSTEMPATH/View/View.php(237): CodeIgniter\View\View->CodeIgniter\View\{closure}()
 5 SYSTEMPATH/Common.php(1171): CodeIgniter\View\View->render('wms/sc/delivery/index', [], true)
 6 APPPATH/Controllers/WMS/SC/Delivery.php(20): view('wms/sc/delivery/index', [...])
 7 SYSTEMPATH/CodeIgniter.php(933): App\Controllers\WMS\SC\Delivery->index()
 8 SYSTEMPATH/CodeIgniter.php(509): CodeIgniter\CodeIgniter->runController(Object(App\Controllers\WMS\SC\Delivery))
 9 SYSTEMPATH/CodeIgniter.php(355): CodeIgniter\CodeIgniter->handleRequest(null, Object(Config\Cache), false)
10 SYSTEMPATH/Boot.php(325): CodeIgniter\CodeIgniter->run()
11 SYSTEMPATH/Boot.php(67): CodeIgniter\Boot::runCodeIgniter(Object(CodeIgniter\CodeIgniter))
12 FCPATH/index.php(36): CodeIgniter\Boot::bootWeb(Object(Config\Paths))
CRITICAL - 2024-10-31 08:10:01 --> ErrorException: include(components/po-items.php): Failed to open stream: No such file or directory
[Method: GET, Route: wms/sc/delivery]
in APPPATH/Views/wms/sc/delivery/index.php on line 15.
 1 APPPATH/Views/wms/sc/delivery/index.php(15): CodeIgniter\Debug\Exceptions->errorHandler(2, 'include(components/po-items.php): Failed to open stream: No such file or directory', '/home/sites/38a/c/cec089f1ff/public_html/app/Views/wms/sc/delivery/index.php', 15)
 2 APPPATH/Views/wms/sc/delivery/index.php(15): include()
 3 SYSTEMPATH/View/View.php(234): include('/home/sites/38a/c/cec089f1ff/public_html/app/Views/wms/sc/delivery/index.php')
 4 SYSTEMPATH/View/View.php(237): CodeIgniter\View\View->CodeIgniter\View\{closure}()
 5 SYSTEMPATH/Common.php(1171): CodeIgniter\View\View->render('wms/sc/delivery/index', [], true)
 6 APPPATH/Controllers/WMS/SC/Delivery.php(20): view('wms/sc/delivery/index', [...])
 7 SYSTEMPATH/CodeIgniter.php(933): App\Controllers\WMS\SC\Delivery->index()
 8 SYSTEMPATH/CodeIgniter.php(509): CodeIgniter\CodeIgniter->runController(Object(App\Controllers\WMS\SC\Delivery))
 9 SYSTEMPATH/CodeIgniter.php(355): CodeIgniter\CodeIgniter->handleRequest(null, Object(Config\Cache), false)
10 SYSTEMPATH/Boot.php(325): CodeIgniter\CodeIgniter->run()
11 SYSTEMPATH/Boot.php(67): CodeIgniter\Boot::runCodeIgniter(Object(CodeIgniter\CodeIgniter))
12 FCPATH/index.php(36): CodeIgniter\Boot::bootWeb(Object(Config\Paths))
CRITICAL - 2024-10-31 08:12:23 --> ErrorException: Undefined variable $items
[Method: POST, Route: wms/sc/delivery/items]
in APPPATH/Controllers/WMS/SC/DeliveryItems.php on line 34.
 1 APPPATH/Controllers/WMS/SC/DeliveryItems.php(34): CodeIgniter\Debug\Exceptions->errorHandler(2, 'Undefined variable $items', '/home/sites/38a/c/cec089f1ff/public_html/app/Controllers/WMS/SC/DeliveryItems.php', 34)
 2 SYSTEMPATH/CodeIgniter.php(933): App\Controllers\WMS\SC\DeliveryItems->index()
 3 SYSTEMPATH/CodeIgniter.php(509): CodeIgniter\CodeIgniter->runController(Object(App\Controllers\WMS\SC\DeliveryItems))
 4 SYSTEMPATH/CodeIgniter.php(355): CodeIgniter\CodeIgniter->handleRequest(null, Object(Config\Cache), false)
 5 SYSTEMPATH/Boot.php(325): CodeIgniter\CodeIgniter->run()
 6 SYSTEMPATH/Boot.php(67): CodeIgniter\Boot::runCodeIgniter(Object(CodeIgniter\CodeIgniter))
 7 FCPATH/index.php(36): CodeIgniter\Boot::bootWeb(Object(Config\Paths))
CRITICAL - 2024-10-31 08:12:48 --> ErrorException: Undefined variable $items
[Method: POST, Route: wms/sc/delivery/items]
in APPPATH/Controllers/WMS/SC/DeliveryItems.php on line 34.
 1 APPPATH/Controllers/WMS/SC/DeliveryItems.php(34): CodeIgniter\Debug\Exceptions->errorHandler(2, 'Undefined variable $items', '/home/sites/38a/c/cec089f1ff/public_html/app/Controllers/WMS/SC/DeliveryItems.php', 34)
 2 SYSTEMPATH/CodeIgniter.php(933): App\Controllers\WMS\SC\DeliveryItems->index()
 3 SYSTEMPATH/CodeIgniter.php(509): CodeIgniter\CodeIgniter->runController(Object(App\Controllers\WMS\SC\DeliveryItems))
 4 SYSTEMPATH/CodeIgniter.php(355): CodeIgniter\CodeIgniter->handleRequest(null, Object(Config\Cache), false)
 5 SYSTEMPATH/Boot.php(325): CodeIgniter\CodeIgniter->run()
 6 SYSTEMPATH/Boot.php(67): CodeIgniter\Boot::runCodeIgniter(Object(CodeIgniter\CodeIgniter))
 7 FCPATH/index.php(36): CodeIgniter\Boot::bootWeb(Object(Config\Paths))
CRITICAL - 2024-10-31 17:00:15 --> ErrorException: Declaration of PhpOffice\PhpSpreadsheet\Reader\IReadFilter@anonymous::readCell($column, $row, $worksheetName = '') must be compatible with PhpOffice\PhpSpreadsheet\Reader\IReadFilter::readCell(string $columnAddress, int $row, string $worksheetName = ''): bool
[Method: CLI, Route: cronjob:run]
in APPPATH/Controllers/CronJobs/PoStock.php on line 38.
 1 [internal function]: CodeIgniter\Debug\Exceptions->shutdownHandler()
CRITICAL - 2024-10-31 17:05:13 --> ErrorException: Declaration of PhpOffice\PhpSpreadsheet\Reader\IReadFilter@anonymous::readCell($column, $row, $worksheetName = '') must be compatible with PhpOffice\PhpSpreadsheet\Reader\IReadFilter::readCell(string $columnAddress, int $row, string $worksheetName = ''): bool
[Method: CLI, Route: cronjob:run]
in APPPATH/Controllers/CronJobs/PoStock.php on line 38.
 1 [internal function]: CodeIgniter\Debug\Exceptions->shutdownHandler()
CRITICAL - 2024-10-31 17:20:11 --> ErrorException: Undefined variable $items
[Method: POST, Route: wms/nj/delivery/items]
in APPPATH/Controllers/WMS/NJ/DeliveryItems.php on line 34.
 1 APPPATH/Controllers/WMS/NJ/DeliveryItems.php(34): CodeIgniter\Debug\Exceptions->errorHandler(2, 'Undefined variable $items', '/home/sites/38a/c/cec089f1ff/public_html/app/Controllers/WMS/NJ/DeliveryItems.php', 34)
 2 SYSTEMPATH/CodeIgniter.php(933): App\Controllers\WMS\NJ\DeliveryItems->index()
 3 SYSTEMPATH/CodeIgniter.php(509): CodeIgniter\CodeIgniter->runController(Object(App\Controllers\WMS\NJ\DeliveryItems))
 4 SYSTEMPATH/CodeIgniter.php(355): CodeIgniter\CodeIgniter->handleRequest(null, Object(Config\Cache), false)
 5 SYSTEMPATH/Boot.php(325): CodeIgniter\CodeIgniter->run()
 6 SYSTEMPATH/Boot.php(67): CodeIgniter\Boot::runCodeIgniter(Object(CodeIgniter\CodeIgniter))
 7 FCPATH/index.php(36): CodeIgniter\Boot::bootWeb(Object(Config\Paths))
CRITICAL - 2024-10-31 18:10:07 --> ErrorException: Declaration of PhpOffice\PhpSpreadsheet\Reader\IReadFilter@anonymous::readCell($column, $row, $worksheetName = '') must be compatible with PhpOffice\PhpSpreadsheet\Reader\IReadFilter::readCell(string $columnAddress, int $row, string $worksheetName = ''): bool
[Method: CLI, Route: cronjob:run]
in APPPATH/Controllers/CronJobs/PoStock.php on line 38.
 1 [internal function]: CodeIgniter\Debug\Exceptions->shutdownHandler()
CRITICAL - 2024-10-31 18:20:09 --> ErrorException: Undefined variable $items
[Method: POST, Route: wms/nj/delivery/items]
in APPPATH/Controllers/WMS/NJ/DeliveryItems.php on line 34.
 1 APPPATH/Controllers/WMS/NJ/DeliveryItems.php(34): CodeIgniter\Debug\Exceptions->errorHandler(2, 'Undefined variable $items', '/home/sites/38a/c/cec089f1ff/public_html/app/Controllers/WMS/NJ/DeliveryItems.php', 34)
 2 SYSTEMPATH/CodeIgniter.php(933): App\Controllers\WMS\NJ\DeliveryItems->index()
 3 SYSTEMPATH/CodeIgniter.php(509): CodeIgniter\CodeIgniter->runController(Object(App\Controllers\WMS\NJ\DeliveryItems))
 4 SYSTEMPATH/CodeIgniter.php(355): CodeIgniter\CodeIgniter->handleRequest(null, Object(Config\Cache), false)
 5 SYSTEMPATH/Boot.php(325): CodeIgniter\CodeIgniter->run()
 6 SYSTEMPATH/Boot.php(67): CodeIgniter\Boot::runCodeIgniter(Object(CodeIgniter\CodeIgniter))
 7 FCPATH/index.php(36): CodeIgniter\Boot::bootWeb(Object(Config\Paths))
CRITICAL - 2024-10-31 18:20:12 --> ErrorException: Declaration of PhpOffice\PhpSpreadsheet\Reader\IReadFilter@anonymous::readCell($column, $row, $worksheetName = '') must be compatible with PhpOffice\PhpSpreadsheet\Reader\IReadFilter::readCell(string $columnAddress, int $row, string $worksheetName = ''): bool
[Method: CLI, Route: cronjob:run]
in APPPATH/Controllers/CronJobs/PoStock.php on line 38.
 1 [internal function]: CodeIgniter\Debug\Exceptions->shutdownHandler()
CRITICAL - 2024-10-31 18:30:14 --> ErrorException: Declaration of PhpOffice\PhpSpreadsheet\Reader\IReadFilter@anonymous::readCell($column, $row, $worksheetName = '') must be compatible with PhpOffice\PhpSpreadsheet\Reader\IReadFilter::readCell(string $columnAddress, int $row, string $worksheetName = ''): bool
[Method: CLI, Route: cronjob:run]
in APPPATH/Controllers/CronJobs/PoStock.php on line 38.
 1 [internal function]: CodeIgniter\Debug\Exceptions->shutdownHandler()
